{"D:\\University Work\\Year 4, Term 1\\Research Project in Software Engineering 2\\Dicedreams-deploy-to-render2\\Dicedreams-Backend\\src\\server.js": {"path":"D:\\University Work\\Year 4, Term 1\\Research Project in Software Engineering 2\\Dicedreams-deploy-to-render2\\Dicedreams-Backend\\src\\server.js","statementMap":{"0":{"start":{"line":1,"column":16},"end":{"line":1,"column":34}},"1":{"start":{"line":2,"column":13},"end":{"line":2,"column":28}},"2":{"start":{"line":3,"column":17},"end":{"line":3,"column":37}},"3":{"start":{"line":5,"column":13},"end":{"line":5,"column":28}},"4":{"start":{"line":6,"column":13},"end":{"line":6,"column":28}},"5":{"start":{"line":7,"column":17},"end":{"line":7,"column":36}},"6":{"start":{"line":8,"column":19},"end":{"line":8,"column":41}},"7":{"start":{"line":9,"column":11},"end":{"line":9,"column":36}},"8":{"start":{"line":11,"column":21},"end":{"line":11,"column":57}},"9":{"start":{"line":12,"column":19},"end":{"line":12,"column":45}},"10":{"start":{"line":13,"column":19},"end":{"line":13,"column":44}},"11":{"start":{"line":14,"column":27},"end":{"line":14,"column":60}},"12":{"start":{"line":15,"column":23},"end":{"line":15,"column":52}},"13":{"start":{"line":16,"column":19},"end":{"line":16,"column":44}},"14":{"start":{"line":17,"column":24},"end":{"line":17,"column":56}},"15":{"start":{"line":18,"column":20},"end":{"line":18,"column":46}},"16":{"start":{"line":19,"column":27},"end":{"line":19,"column":60}},"17":{"start":{"line":22,"column":29},"end":{"line":22,"column":63}},"18":{"start":{"line":25,"column":0},"end":{"line":27,"column":68}},"19":{"start":{"line":26,"column":14},"end":{"line":26,"column":67}},"20":{"start":{"line":27,"column":20},"end":{"line":27,"column":66}},"21":{"start":{"line":29,"column":12},"end":{"line":29,"column":21}},"22":{"start":{"line":31,"column":15},"end":{"line":31,"column":37}},"23":{"start":{"line":32,"column":11},"end":{"line":32,"column":27}},"24":{"start":{"line":33,"column":0},"end":{"line":33,"column":24}},"25":{"start":{"line":35,"column":0},"end":{"line":40,"column":3}},"26":{"start":{"line":36,"column":2},"end":{"line":36,"column":34}},"27":{"start":{"line":37,"column":2},"end":{"line":39,"column":5}},"28":{"start":{"line":38,"column":4},"end":{"line":38,"column":37}},"29":{"start":{"line":43,"column":18},"end":{"line":45,"column":1}},"30":{"start":{"line":47,"column":0},"end":{"line":47,"column":27}},"31":{"start":{"line":50,"column":0},"end":{"line":50,"column":44}},"32":{"start":{"line":51,"column":0},"end":{"line":51,"column":66}},"33":{"start":{"line":55,"column":0},"end":{"line":55,"column":49}},"34":{"start":{"line":56,"column":0},"end":{"line":56,"column":56}},"35":{"start":{"line":60,"column":0},"end":{"line":60,"column":31}},"36":{"start":{"line":63,"column":0},"end":{"line":65,"column":3}},"37":{"start":{"line":64,"column":2},"end":{"line":64,"column":75}},"38":{"start":{"line":67,"column":0},"end":{"line":69,"column":2}},"39":{"start":{"line":68,"column":2},"end":{"line":68,"column":52}},"40":{"start":{"line":72,"column":0},"end":{"line":72,"column":62}},"41":{"start":{"line":74,"column":0},"end":{"line":74,"column":33}},"42":{"start":{"line":75,"column":0},"end":{"line":75,"column":34}},"43":{"start":{"line":76,"column":0},"end":{"line":76,"column":49}},"44":{"start":{"line":77,"column":0},"end":{"line":77,"column":41}},"45":{"start":{"line":78,"column":0},"end":{"line":78,"column":33}},"46":{"start":{"line":79,"column":0},"end":{"line":79,"column":45}},"47":{"start":{"line":80,"column":0},"end":{"line":80,"column":35}},"48":{"start":{"line":81,"column":0},"end":{"line":81,"column":49}},"49":{"start":{"line":84,"column":0},"end":{"line":87,"column":3}},"50":{"start":{"line":85,"column":2},"end":{"line":85,"column":52}},"51":{"start":{"line":86,"column":2},"end":{"line":86,"column":18}},"52":{"start":{"line":90,"column":0},"end":{"line":90,"column":22}},"53":{"start":{"line":92,"column":13},"end":{"line":92,"column":37}},"54":{"start":{"line":93,"column":15},"end":{"line":93,"column":33}},"55":{"start":{"line":95,"column":0},"end":{"line":102,"column":1}},"56":{"start":{"line":96,"column":2},"end":{"line":101,"column":5}},"57":{"start":{"line":97,"column":4},"end":{"line":97,"column":54}},"58":{"start":{"line":98,"column":4},"end":{"line":98,"column":55}},"59":{"start":{"line":99,"column":4},"end":{"line":99,"column":73}},"60":{"start":{"line":100,"column":4},"end":{"line":100,"column":72}},"61":{"start":{"line":105,"column":0},"end":{"line":105,"column":21}}},"fnMap":{"0":{"name":"(anonymous_0)","decl":{"start":{"line":26,"column":8},"end":{"line":26,"column":9}},"loc":{"start":{"line":26,"column":14},"end":{"line":26,"column":67}},"line":26},"1":{"name":"(anonymous_1)","decl":{"start":{"line":27,"column":9},"end":{"line":27,"column":10}},"loc":{"start":{"line":27,"column":20},"end":{"line":27,"column":66}},"line":27},"2":{"name":"(anonymous_2)","decl":{"start":{"line":35,"column":20},"end":{"line":35,"column":21}},"loc":{"start":{"line":35,"column":32},"end":{"line":40,"column":1}},"line":35},"3":{"name":"(anonymous_3)","decl":{"start":{"line":37,"column":26},"end":{"line":37,"column":27}},"loc":{"start":{"line":37,"column":32},"end":{"line":39,"column":3}},"line":37},"4":{"name":"(anonymous_4)","decl":{"start":{"line":63,"column":13},"end":{"line":63,"column":14}},"loc":{"start":{"line":63,"column":27},"end":{"line":65,"column":1}},"line":63},"5":{"name":"(anonymous_5)","decl":{"start":{"line":67,"column":29},"end":{"line":67,"column":30}},"loc":{"start":{"line":67,"column":43},"end":{"line":69,"column":1}},"line":67},"6":{"name":"(anonymous_6)","decl":{"start":{"line":84,"column":25},"end":{"line":84,"column":26}},"loc":{"start":{"line":84,"column":39},"end":{"line":87,"column":1}},"line":84},"7":{"name":"(anonymous_7)","decl":{"start":{"line":96,"column":22},"end":{"line":96,"column":23}},"loc":{"start":{"line":96,"column":28},"end":{"line":101,"column":3}},"line":96}},"branchMap":{"0":{"loc":{"start":{"line":92,"column":13},"end":{"line":92,"column":37}},"type":"binary-expr","locations":[{"start":{"line":92,"column":13},"end":{"line":92,"column":29}},{"start":{"line":92,"column":33},"end":{"line":92,"column":37}}],"line":92},"1":{"loc":{"start":{"line":95,"column":0},"end":{"line":102,"column":1}},"type":"if","locations":[{"start":{"line":95,"column":0},"end":{"line":102,"column":1}},{"start":{},"end":{}}],"line":95}},"s":{"0":7,"1":7,"2":7,"3":7,"4":7,"5":7,"6":7,"7":7,"8":7,"9":7,"10":7,"11":7,"12":7,"13":7,"14":7,"15":7,"16":7,"17":7,"18":7,"19":1,"20":6,"21":7,"22":7,"23":7,"24":7,"25":7,"26":0,"27":0,"28":0,"29":7,"30":7,"31":7,"32":7,"33":7,"34":7,"35":7,"36":7,"37":0,"38":7,"39":0,"40":7,"41":7,"42":7,"43":7,"44":7,"45":7,"46":7,"47":7,"48":7,"49":7,"50":0,"51":0,"52":7,"53":7,"54":7,"55":7,"56":0,"57":0,"58":0,"59":0,"60":0,"61":7},"f":{"0":1,"1":6,"2":0,"3":0,"4":0,"5":0,"6":0,"7":0},"b":{"0":[7,0],"1":[0,7]},"_coverageSchema":"1a1c01bbd47fc00a2c39e90264f33305004495a9","hash":"04a2224afbc9ee18a8d1de5a1d2b262a481e3f1e"}
,"D:\\University Work\\Year 4, Term 1\\Research Project in Software Engineering 2\\Dicedreams-deploy-to-render2\\Dicedreams-Backend\\src\\configs\\auth.config.js": {"path":"D:\\University Work\\Year 4, Term 1\\Research Project in Software Engineering 2\\Dicedreams-deploy-to-render2\\Dicedreams-Backend\\src\\configs\\auth.config.js","statementMap":{"0":{"start":{"line":1,"column":0},"end":{"line":1,"column":27}},"1":{"start":{"line":3,"column":0},"end":{"line":7,"column":1}}},"fnMap":{},"branchMap":{},"s":{"0":7,"1":7},"f":{},"b":{},"_coverageSchema":"1a1c01bbd47fc00a2c39e90264f33305004495a9","hash":"8febd19a00341d42fedae5037b17aca8849f35c6"}
,"D:\\University Work\\Year 4, Term 1\\Research Project in Software Engineering 2\\Dicedreams-deploy-to-render2\\Dicedreams-Backend\\src\\configs\\db.config.js": {"path":"D:\\University Work\\Year 4, Term 1\\Research Project in Software Engineering 2\\Dicedreams-deploy-to-render2\\Dicedreams-Backend\\src\\configs\\db.config.js","statementMap":{"0":{"start":{"line":1,"column":0},"end":{"line":1,"column":27}},"1":{"start":{"line":2,"column":15},"end":{"line":2,"column":32}},"2":{"start":{"line":4,"column":0},"end":{"line":17,"column":2}}},"fnMap":{},"branchMap":{},"s":{"0":7,"1":7,"2":7},"f":{},"b":{},"_coverageSchema":"1a1c01bbd47fc00a2c39e90264f33305004495a9","hash":"af2a48b8f26bc708c8037e494d12610f06756a5f"}
,"D:\\University Work\\Year 4, Term 1\\Research Project in Software Engineering 2\\Dicedreams-deploy-to-render2\\Dicedreams-Backend\\src\\configs\\swaggerConfig.js": {"path":"D:\\University Work\\Year 4, Term 1\\Research Project in Software Engineering 2\\Dicedreams-deploy-to-render2\\Dicedreams-Backend\\src\\configs\\swaggerConfig.js","statementMap":{"0":{"start":{"line":1,"column":21},"end":{"line":1,"column":45}},"1":{"start":{"line":2,"column":18},"end":{"line":2,"column":47}},"2":{"start":{"line":3,"column":0},"end":{"line":3,"column":27}},"3":{"start":{"line":5,"column":16},"end":{"line":44,"column":1}},"4":{"start":{"line":46,"column":14},"end":{"line":46,"column":35}},"5":{"start":{"line":48,"column":0},"end":{"line":48,"column":38}}},"fnMap":{},"branchMap":{},"s":{"0":7,"1":7,"2":7,"3":7,"4":7,"5":7},"f":{},"b":{},"_coverageSchema":"1a1c01bbd47fc00a2c39e90264f33305004495a9","hash":"eb98ba3b95ca691a030b91d672692d724b21760c"}
,"D:\\University Work\\Year 4, Term 1\\Research Project in Software Engineering 2\\Dicedreams-deploy-to-render2\\Dicedreams-Backend\\src\\controllers\\chatController.js": {"path":"D:\\University Work\\Year 4, Term 1\\Research Project in Software Engineering 2\\Dicedreams-deploy-to-render2\\Dicedreams-Backend\\src\\controllers\\chatController.js","statementMap":{"0":{"start":{"line":1,"column":11},"end":{"line":1,"column":31}},"1":{"start":{"line":2,"column":13},"end":{"line":2,"column":20}},"2":{"start":{"line":3,"column":13},"end":{"line":3,"column":20}},"3":{"start":{"line":6,"column":0},"end":{"line":75,"column":2}},"4":{"start":{"line":7,"column":2},"end":{"line":74,"column":3}},"5":{"start":{"line":8,"column":4},"end":{"line":13,"column":5}},"6":{"start":{"line":9,"column":6},"end":{"line":11,"column":9}},"7":{"start":{"line":12,"column":6},"end":{"line":12,"column":13}},"8":{"start":{"line":15,"column":17},"end":{"line":20,"column":5}},"9":{"start":{"line":22,"column":17},"end":{"line":22,"column":40}},"10":{"start":{"line":24,"column":22},"end":{"line":24,"column":74}},"11":{"start":{"line":25,"column":30},"end":{"line":31,"column":9}},"12":{"start":{"line":32,"column":8},"end":{"line":32,"column":51}},"13":{"start":{"line":34,"column":25},"end":{"line":34,"column":27}},"14":{"start":{"line":36,"column":30},"end":{"line":38,"column":10}},"15":{"start":{"line":39,"column":8},"end":{"line":63,"column":9}},"16":{"start":{"line":39,"column":21},"end":{"line":39,"column":22}},"17":{"start":{"line":40,"column":10},"end":{"line":62,"column":11}},"18":{"start":{"line":41,"column":32},"end":{"line":43,"column":13}},"19":{"start":{"line":44,"column":12},"end":{"line":51,"column":15}},"20":{"start":{"line":52,"column":17},"end":{"line":62,"column":11}},"21":{"start":{"line":53,"column":25},"end":{"line":53,"column":75}},"22":{"start":{"line":54,"column":12},"end":{"line":61,"column":15}},"23":{"start":{"line":65,"column":8},"end":{"line":67,"column":75}},"24":{"start":{"line":69,"column":4},"end":{"line":71,"column":67}},"25":{"start":{"line":73,"column":4},"end":{"line":73,"column":16}},"26":{"start":{"line":78,"column":0},"end":{"line":91,"column":2}},"27":{"start":{"line":79,"column":2},"end":{"line":90,"column":7}},"28":{"start":{"line":83,"column":6},"end":{"line":83,"column":33}},"29":{"start":{"line":86,"column":6},"end":{"line":89,"column":9}},"30":{"start":{"line":94,"column":0},"end":{"line":106,"column":2}},"31":{"start":{"line":95,"column":13},"end":{"line":95,"column":26}},"32":{"start":{"line":97,"column":2},"end":{"line":105,"column":7}},"33":{"start":{"line":99,"column":6},"end":{"line":99,"column":33}},"34":{"start":{"line":102,"column":6},"end":{"line":104,"column":9}},"35":{"start":{"line":109,"column":0},"end":{"line":174,"column":2}},"36":{"start":{"line":110,"column":13},"end":{"line":110,"column":26}},"37":{"start":{"line":112,"column":2},"end":{"line":173,"column":3}},"38":{"start":{"line":113,"column":17},"end":{"line":115,"column":6}},"39":{"start":{"line":116,"column":4},"end":{"line":170,"column":5}},"40":{"start":{"line":118,"column":23},"end":{"line":118,"column":46}},"41":{"start":{"line":120,"column":31},"end":{"line":126,"column":11}},"42":{"start":{"line":127,"column":10},"end":{"line":127,"column":53}},"43":{"start":{"line":129,"column":27},"end":{"line":129,"column":29}},"44":{"start":{"line":131,"column":32},"end":{"line":133,"column":12}},"45":{"start":{"line":134,"column":10},"end":{"line":158,"column":11}},"46":{"start":{"line":134,"column":23},"end":{"line":134,"column":24}},"47":{"start":{"line":135,"column":12},"end":{"line":157,"column":13}},"48":{"start":{"line":136,"column":34},"end":{"line":138,"column":15}},"49":{"start":{"line":139,"column":14},"end":{"line":146,"column":17}},"50":{"start":{"line":147,"column":19},"end":{"line":157,"column":13}},"51":{"start":{"line":148,"column":27},"end":{"line":148,"column":77}},"52":{"start":{"line":149,"column":14},"end":{"line":156,"column":17}},"53":{"start":{"line":159,"column":10},"end":{"line":161,"column":72}},"54":{"start":{"line":163,"column":6},"end":{"line":165,"column":9}},"55":{"start":{"line":167,"column":6},"end":{"line":169,"column":9}},"56":{"start":{"line":172,"column":4},"end":{"line":172,"column":16}},"57":{"start":{"line":177,"column":0},"end":{"line":196,"column":2}},"58":{"start":{"line":178,"column":13},"end":{"line":178,"column":26}},"59":{"start":{"line":180,"column":2},"end":{"line":195,"column":3}},"60":{"start":{"line":181,"column":17},"end":{"line":183,"column":6}},"61":{"start":{"line":184,"column":4},"end":{"line":192,"column":5}},"62":{"start":{"line":185,"column":6},"end":{"line":187,"column":9}},"63":{"start":{"line":189,"column":6},"end":{"line":191,"column":9}},"64":{"start":{"line":194,"column":4},"end":{"line":194,"column":16}},"65":{"start":{"line":199,"column":0},"end":{"line":209,"column":2}},"66":{"start":{"line":200,"column":2},"end":{"line":208,"column":3}},"67":{"start":{"line":201,"column":17},"end":{"line":204,"column":6}},"68":{"start":{"line":205,"column":4},"end":{"line":205,"column":82}},"69":{"start":{"line":207,"column":4},"end":{"line":207,"column":16}},"70":{"start":{"line":212,"column":0},"end":{"line":227,"column":2}},"71":{"start":{"line":213,"column":18},"end":{"line":213,"column":36}},"72":{"start":{"line":214,"column":2},"end":{"line":226,"column":7}},"73":{"start":{"line":219,"column":6},"end":{"line":219,"column":33}},"74":{"start":{"line":222,"column":6},"end":{"line":225,"column":9}},"75":{"start":{"line":230,"column":0},"end":{"line":252,"column":2}},"76":{"start":{"line":231,"column":24},"end":{"line":231,"column":37}},"77":{"start":{"line":233,"column":2},"end":{"line":251,"column":7}},"78":{"start":{"line":245,"column":6},"end":{"line":245,"column":33}},"79":{"start":{"line":248,"column":6},"end":{"line":250,"column":9}}},"fnMap":{"0":{"name":"(anonymous_0)","decl":{"start":{"line":6,"column":17},"end":{"line":6,"column":18}},"loc":{"start":{"line":6,"column":43},"end":{"line":75,"column":1}},"line":6},"1":{"name":"(anonymous_1)","decl":{"start":{"line":78,"column":18},"end":{"line":78,"column":19}},"loc":{"start":{"line":78,"column":32},"end":{"line":91,"column":1}},"line":78},"2":{"name":"(anonymous_2)","decl":{"start":{"line":82,"column":10},"end":{"line":82,"column":11}},"loc":{"start":{"line":82,"column":20},"end":{"line":84,"column":5}},"line":82},"3":{"name":"(anonymous_3)","decl":{"start":{"line":85,"column":11},"end":{"line":85,"column":12}},"loc":{"start":{"line":85,"column":22},"end":{"line":90,"column":5}},"line":85},"4":{"name":"(anonymous_4)","decl":{"start":{"line":94,"column":18},"end":{"line":94,"column":19}},"loc":{"start":{"line":94,"column":32},"end":{"line":106,"column":1}},"line":94},"5":{"name":"(anonymous_5)","decl":{"start":{"line":98,"column":10},"end":{"line":98,"column":11}},"loc":{"start":{"line":98,"column":20},"end":{"line":100,"column":5}},"line":98},"6":{"name":"(anonymous_6)","decl":{"start":{"line":101,"column":11},"end":{"line":101,"column":12}},"loc":{"start":{"line":101,"column":22},"end":{"line":105,"column":5}},"line":101},"7":{"name":"(anonymous_7)","decl":{"start":{"line":109,"column":17},"end":{"line":109,"column":18}},"loc":{"start":{"line":109,"column":43},"end":{"line":174,"column":1}},"line":109},"8":{"name":"(anonymous_8)","decl":{"start":{"line":177,"column":17},"end":{"line":177,"column":18}},"loc":{"start":{"line":177,"column":43},"end":{"line":196,"column":1}},"line":177},"9":{"name":"(anonymous_9)","decl":{"start":{"line":199,"column":20},"end":{"line":199,"column":21}},"loc":{"start":{"line":199,"column":46},"end":{"line":209,"column":1}},"line":199},"10":{"name":"(anonymous_10)","decl":{"start":{"line":212,"column":24},"end":{"line":212,"column":25}},"loc":{"start":{"line":212,"column":38},"end":{"line":227,"column":1}},"line":212},"11":{"name":"(anonymous_11)","decl":{"start":{"line":218,"column":10},"end":{"line":218,"column":11}},"loc":{"start":{"line":218,"column":20},"end":{"line":220,"column":5}},"line":218},"12":{"name":"(anonymous_12)","decl":{"start":{"line":221,"column":11},"end":{"line":221,"column":12}},"loc":{"start":{"line":221,"column":22},"end":{"line":226,"column":5}},"line":221},"13":{"name":"(anonymous_13)","decl":{"start":{"line":230,"column":31},"end":{"line":230,"column":32}},"loc":{"start":{"line":230,"column":45},"end":{"line":252,"column":1}},"line":230},"14":{"name":"(anonymous_14)","decl":{"start":{"line":244,"column":10},"end":{"line":244,"column":11}},"loc":{"start":{"line":244,"column":20},"end":{"line":246,"column":5}},"line":244},"15":{"name":"(anonymous_15)","decl":{"start":{"line":247,"column":11},"end":{"line":247,"column":12}},"loc":{"start":{"line":247,"column":22},"end":{"line":251,"column":5}},"line":247}},"branchMap":{"0":{"loc":{"start":{"line":8,"column":4},"end":{"line":13,"column":5}},"type":"if","locations":[{"start":{"line":8,"column":4},"end":{"line":13,"column":5}},{"start":{},"end":{}}],"line":8},"1":{"loc":{"start":{"line":40,"column":10},"end":{"line":62,"column":11}},"type":"if","locations":[{"start":{"line":40,"column":10},"end":{"line":62,"column":11}},{"start":{"line":52,"column":17},"end":{"line":62,"column":11}}],"line":40},"2":{"loc":{"start":{"line":52,"column":17},"end":{"line":62,"column":11}},"type":"if","locations":[{"start":{"line":52,"column":17},"end":{"line":62,"column":11}},{"start":{},"end":{}}],"line":52},"3":{"loc":{"start":{"line":88,"column":10},"end":{"line":88,"column":72}},"type":"binary-expr","locations":[{"start":{"line":88,"column":10},"end":{"line":88,"column":23}},{"start":{"line":88,"column":27},"end":{"line":88,"column":72}}],"line":88},"4":{"loc":{"start":{"line":116,"column":4},"end":{"line":170,"column":5}},"type":"if","locations":[{"start":{"line":116,"column":4},"end":{"line":170,"column":5}},{"start":{"line":166,"column":11},"end":{"line":170,"column":5}}],"line":116},"5":{"loc":{"start":{"line":135,"column":12},"end":{"line":157,"column":13}},"type":"if","locations":[{"start":{"line":135,"column":12},"end":{"line":157,"column":13}},{"start":{"line":147,"column":19},"end":{"line":157,"column":13}}],"line":135},"6":{"loc":{"start":{"line":147,"column":19},"end":{"line":157,"column":13}},"type":"if","locations":[{"start":{"line":147,"column":19},"end":{"line":157,"column":13}},{"start":{},"end":{}}],"line":147},"7":{"loc":{"start":{"line":184,"column":4},"end":{"line":192,"column":5}},"type":"if","locations":[{"start":{"line":184,"column":4},"end":{"line":192,"column":5}},{"start":{"line":188,"column":11},"end":{"line":192,"column":5}}],"line":184},"8":{"loc":{"start":{"line":224,"column":10},"end":{"line":224,"column":72}},"type":"binary-expr","locations":[{"start":{"line":224,"column":10},"end":{"line":224,"column":23}},{"start":{"line":224,"column":27},"end":{"line":224,"column":72}}],"line":224},"9":{"loc":{"start":{"line":249,"column":17},"end":{"line":249,"column":79}},"type":"binary-expr","locations":[{"start":{"line":249,"column":17},"end":{"line":249,"column":30}},{"start":{"line":249,"column":34},"end":{"line":249,"column":79}}],"line":249}},"s":{"0":7,"1":7,"2":7,"3":7,"4":1,"5":1,"6":0,"7":0,"8":1,"9":1,"10":1,"11":1,"12":1,"13":1,"14":1,"15":1,"16":1,"17":7,"18":5,"19":5,"20":2,"21":2,"22":2,"23":1,"24":1,"25":0,"26":7,"27":1,"28":1,"29":0,"30":7,"31":1,"32":1,"33":1,"34":0,"35":7,"36":1,"37":1,"38":1,"39":1,"40":1,"41":1,"42":1,"43":1,"44":1,"45":1,"46":1,"47":4,"48":0,"49":0,"50":4,"51":4,"52":4,"53":1,"54":1,"55":0,"56":0,"57":7,"58":1,"59":1,"60":1,"61":1,"62":1,"63":0,"64":0,"65":7,"66":0,"67":0,"68":0,"69":0,"70":7,"71":0,"72":0,"73":0,"74":0,"75":7,"76":0,"77":0,"78":0,"79":0},"f":{"0":1,"1":1,"2":1,"3":0,"4":1,"5":1,"6":0,"7":1,"8":1,"9":0,"10":0,"11":0,"12":0,"13":0,"14":0,"15":0},"b":{"0":[0,1],"1":[5,2],"2":[2,0],"3":[0,0],"4":[1,0],"5":[0,4],"6":[4,0],"7":[1,0],"8":[0,0],"9":[0,0]},"_coverageSchema":"1a1c01bbd47fc00a2c39e90264f33305004495a9","hash":"2cce9da31d105bb2dae27906e99593371ad7f8ad"}
,"D:\\University Work\\Year 4, Term 1\\Research Project in Software Engineering 2\\Dicedreams-deploy-to-render2\\Dicedreams-Backend\\src\\controllers\\notificationController.js": {"path":"D:\\University Work\\Year 4, Term 1\\Research Project in Software Engineering 2\\Dicedreams-deploy-to-render2\\Dicedreams-Backend\\src\\controllers\\notificationController.js","statementMap":{"0":{"start":{"line":1,"column":11},"end":{"line":1,"column":31}},"1":{"start":{"line":2,"column":21},"end":{"line":2,"column":36}},"2":{"start":{"line":3,"column":20},"end":{"line":3,"column":34}},"3":{"start":{"line":4,"column":13},"end":{"line":4,"column":20}},"4":{"start":{"line":5,"column":13},"end":{"line":5,"column":20}},"5":{"start":{"line":6,"column":17},"end":{"line":6,"column":30}},"6":{"start":{"line":9,"column":0},"end":{"line":9,"column":55}},"7":{"start":{"line":10,"column":0},"end":{"line":10,"column":65}},"8":{"start":{"line":11,"column":0},"end":{"line":11,"column":53}},"9":{"start":{"line":14,"column":0},"end":{"line":84,"column":2}},"10":{"start":{"line":15,"column":2},"end":{"line":83,"column":3}},"11":{"start":{"line":16,"column":21},"end":{"line":16,"column":23}},"12":{"start":{"line":17,"column":26},"end":{"line":20,"column":6}},"13":{"start":{"line":22,"column":4},"end":{"line":77,"column":5}},"14":{"start":{"line":22,"column":17},"end":{"line":22,"column":18}},"15":{"start":{"line":23,"column":6},"end":{"line":76,"column":7}},"16":{"start":{"line":24,"column":28},"end":{"line":43,"column":9}},"17":{"start":{"line":45,"column":8},"end":{"line":75,"column":9}},"18":{"start":{"line":46,"column":35},"end":{"line":51,"column":12}},"19":{"start":{"line":53,"column":10},"end":{"line":74,"column":13}},"20":{"start":{"line":79,"column":4},"end":{"line":79,"column":49}},"21":{"start":{"line":81,"column":4},"end":{"line":81,"column":46}},"22":{"start":{"line":82,"column":4},"end":{"line":82,"column":16}},"23":{"start":{"line":87,"column":0},"end":{"line":106,"column":2}},"24":{"start":{"line":88,"column":2},"end":{"line":105,"column":3}},"25":{"start":{"line":89,"column":15},"end":{"line":89,"column":28}},"26":{"start":{"line":91,"column":4},"end":{"line":98,"column":5}},"27":{"start":{"line":91,"column":17},"end":{"line":91,"column":18}},"28":{"start":{"line":92,"column":22},"end":{"line":97,"column":7}},"29":{"start":{"line":100,"column":4},"end":{"line":100,"column":75}},"30":{"start":{"line":102,"column":4},"end":{"line":102,"column":80}},"31":{"start":{"line":104,"column":4},"end":{"line":104,"column":16}},"32":{"start":{"line":109,"column":0},"end":{"line":124,"column":2}},"33":{"start":{"line":110,"column":2},"end":{"line":123,"column":3}},"34":{"start":{"line":111,"column":4},"end":{"line":116,"column":6}},"35":{"start":{"line":118,"column":4},"end":{"line":118,"column":75}},"36":{"start":{"line":120,"column":4},"end":{"line":120,"column":75}},"37":{"start":{"line":122,"column":4},"end":{"line":122,"column":16}}},"fnMap":{"0":{"name":"(anonymous_0)","decl":{"start":{"line":14,"column":18},"end":{"line":14,"column":19}},"loc":{"start":{"line":14,"column":44},"end":{"line":84,"column":1}},"line":14},"1":{"name":"(anonymous_1)","decl":{"start":{"line":87,"column":17},"end":{"line":87,"column":18}},"loc":{"start":{"line":87,"column":43},"end":{"line":106,"column":1}},"line":87},"2":{"name":"(anonymous_2)","decl":{"start":{"line":109,"column":24},"end":{"line":109,"column":25}},"loc":{"start":{"line":109,"column":50},"end":{"line":124,"column":1}},"line":109}},"branchMap":{"0":{"loc":{"start":{"line":23,"column":6},"end":{"line":76,"column":7}},"type":"if","locations":[{"start":{"line":23,"column":6},"end":{"line":76,"column":7}},{"start":{},"end":{}}],"line":23},"1":{"loc":{"start":{"line":45,"column":8},"end":{"line":75,"column":9}},"type":"if","locations":[{"start":{"line":45,"column":8},"end":{"line":75,"column":9}},{"start":{},"end":{}}],"line":45},"2":{"loc":{"start":{"line":45,"column":12},"end":{"line":45,"column":68}},"type":"binary-expr","locations":[{"start":{"line":45,"column":12},"end":{"line":45,"column":23}},{"start":{"line":45,"column":27},"end":{"line":45,"column":43}},{"start":{"line":45,"column":47},"end":{"line":45,"column":68}}],"line":45}},"s":{"0":7,"1":7,"2":7,"3":7,"4":7,"5":7,"6":7,"7":7,"8":7,"9":7,"10":1,"11":1,"12":1,"13":0,"14":0,"15":0,"16":0,"17":0,"18":0,"19":0,"20":0,"21":1,"22":1,"23":7,"24":1,"25":1,"26":1,"27":1,"28":1,"29":1,"30":0,"31":1,"32":7,"33":0,"34":0,"35":0,"36":0,"37":0},"f":{"0":1,"1":1,"2":0},"b":{"0":[0,0],"1":[0,0],"2":[0,0,0]},"_coverageSchema":"1a1c01bbd47fc00a2c39e90264f33305004495a9","hash":"742ff77d96f7fb3b3a72bca2a50d0fdd95056d39"}
,"D:\\University Work\\Year 4, Term 1\\Research Project in Software Engineering 2\\Dicedreams-deploy-to-render2\\Dicedreams-Backend\\src\\controllers\\participateController.js": {"path":"D:\\University Work\\Year 4, Term 1\\Research Project in Software Engineering 2\\Dicedreams-deploy-to-render2\\Dicedreams-Backend\\src\\controllers\\participateController.js","statementMap":{"0":{"start":{"line":3,"column":11},"end":{"line":3,"column":31}},"1":{"start":{"line":4,"column":20},"end":{"line":4,"column":34}},"2":{"start":{"line":5,"column":13},"end":{"line":5,"column":20}},"3":{"start":{"line":8,"column":0},"end":{"line":97,"column":2}},"4":{"start":{"line":9,"column":2},"end":{"line":96,"column":3}},"5":{"start":{"line":11,"column":4},"end":{"line":16,"column":5}},"6":{"start":{"line":12,"column":6},"end":{"line":14,"column":9}},"7":{"start":{"line":15,"column":6},"end":{"line":15,"column":13}},"8":{"start":{"line":19,"column":20},"end":{"line":19,"column":36}},"9":{"start":{"line":20,"column":26},"end":{"line":20,"column":48}},"10":{"start":{"line":21,"column":18},"end":{"line":23,"column":6}},"11":{"start":{"line":24,"column":4},"end":{"line":29,"column":5}},"12":{"start":{"line":25,"column":6},"end":{"line":27,"column":9}},"13":{"start":{"line":28,"column":6},"end":{"line":28,"column":13}},"14":{"start":{"line":32,"column":24},"end":{"line":37,"column":5}},"15":{"start":{"line":40,"column":17},"end":{"line":40,"column":54}},"16":{"start":{"line":43,"column":21},"end":{"line":43,"column":64}},"17":{"start":{"line":46,"column":26},"end":{"line":52,"column":5}},"18":{"start":{"line":53,"column":4},"end":{"line":53,"column":47}},"19":{"start":{"line":55,"column":21},"end":{"line":55,"column":23}},"20":{"start":{"line":58,"column":26},"end":{"line":60,"column":6}},"21":{"start":{"line":61,"column":4},"end":{"line":85,"column":5}},"22":{"start":{"line":61,"column":17},"end":{"line":61,"column":18}},"23":{"start":{"line":62,"column":6},"end":{"line":84,"column":7}},"24":{"start":{"line":63,"column":28},"end":{"line":65,"column":9}},"25":{"start":{"line":66,"column":8},"end":{"line":73,"column":11}},"26":{"start":{"line":74,"column":13},"end":{"line":84,"column":7}},"27":{"start":{"line":75,"column":21},"end":{"line":75,"column":71}},"28":{"start":{"line":76,"column":8},"end":{"line":83,"column":11}},"29":{"start":{"line":87,"column":4},"end":{"line":89,"column":71}},"30":{"start":{"line":91,"column":4},"end":{"line":93,"column":78}},"31":{"start":{"line":95,"column":4},"end":{"line":95,"column":16}},"32":{"start":{"line":100,"column":0},"end":{"line":119,"column":2}},"33":{"start":{"line":101,"column":2},"end":{"line":118,"column":7}},"34":{"start":{"line":111,"column":6},"end":{"line":111,"column":33}},"35":{"start":{"line":114,"column":6},"end":{"line":117,"column":9}},"36":{"start":{"line":122,"column":0},"end":{"line":134,"column":2}},"37":{"start":{"line":123,"column":13},"end":{"line":123,"column":26}},"38":{"start":{"line":125,"column":2},"end":{"line":133,"column":7}},"39":{"start":{"line":127,"column":6},"end":{"line":127,"column":33}},"40":{"start":{"line":130,"column":6},"end":{"line":132,"column":9}},"41":{"start":{"line":137,"column":0},"end":{"line":208,"column":2}},"42":{"start":{"line":138,"column":13},"end":{"line":138,"column":26}},"43":{"start":{"line":140,"column":2},"end":{"line":207,"column":3}},"44":{"start":{"line":142,"column":20},"end":{"line":144,"column":6}},"45":{"start":{"line":146,"column":4},"end":{"line":204,"column":5}},"46":{"start":{"line":148,"column":20},"end":{"line":148,"column":50}},"47":{"start":{"line":151,"column":27},"end":{"line":157,"column":7}},"48":{"start":{"line":158,"column":6},"end":{"line":158,"column":49}},"49":{"start":{"line":160,"column":23},"end":{"line":160,"column":25}},"50":{"start":{"line":163,"column":28},"end":{"line":165,"column":8}},"51":{"start":{"line":166,"column":6},"end":{"line":190,"column":7}},"52":{"start":{"line":166,"column":19},"end":{"line":166,"column":20}},"53":{"start":{"line":167,"column":8},"end":{"line":189,"column":9}},"54":{"start":{"line":168,"column":30},"end":{"line":170,"column":11}},"55":{"start":{"line":171,"column":10},"end":{"line":178,"column":13}},"56":{"start":{"line":179,"column":15},"end":{"line":189,"column":9}},"57":{"start":{"line":180,"column":23},"end":{"line":180,"column":73}},"58":{"start":{"line":181,"column":10},"end":{"line":188,"column":13}},"59":{"start":{"line":194,"column":6},"end":{"line":196,"column":69}},"60":{"start":{"line":197,"column":6},"end":{"line":199,"column":68}},"61":{"start":{"line":201,"column":6},"end":{"line":203,"column":9}},"62":{"start":{"line":206,"column":4},"end":{"line":206,"column":16}},"63":{"start":{"line":211,"column":0},"end":{"line":230,"column":2}},"64":{"start":{"line":212,"column":13},"end":{"line":212,"column":26}},"65":{"start":{"line":214,"column":2},"end":{"line":229,"column":3}},"66":{"start":{"line":215,"column":20},"end":{"line":217,"column":6}},"67":{"start":{"line":218,"column":4},"end":{"line":226,"column":5}},"68":{"start":{"line":219,"column":6},"end":{"line":221,"column":68}},"69":{"start":{"line":223,"column":6},"end":{"line":225,"column":9}},"70":{"start":{"line":228,"column":4},"end":{"line":228,"column":16}},"71":{"start":{"line":233,"column":0},"end":{"line":245,"column":2}},"72":{"start":{"line":234,"column":2},"end":{"line":244,"column":3}},"73":{"start":{"line":235,"column":20},"end":{"line":238,"column":6}},"74":{"start":{"line":239,"column":4},"end":{"line":241,"column":79}},"75":{"start":{"line":243,"column":4},"end":{"line":243,"column":16}},"76":{"start":{"line":248,"column":0},"end":{"line":260,"column":2}},"77":{"start":{"line":249,"column":24},"end":{"line":249,"column":37}},"78":{"start":{"line":250,"column":2},"end":{"line":259,"column":3}},"79":{"start":{"line":251,"column":17},"end":{"line":255,"column":6}},"80":{"start":{"line":256,"column":4},"end":{"line":256,"column":31}},"81":{"start":{"line":258,"column":4},"end":{"line":258,"column":16}},"82":{"start":{"line":263,"column":0},"end":{"line":274,"column":2}},"83":{"start":{"line":264,"column":18},"end":{"line":264,"column":35}},"84":{"start":{"line":265,"column":2},"end":{"line":273,"column":3}},"85":{"start":{"line":266,"column":17},"end":{"line":269,"column":6}},"86":{"start":{"line":270,"column":4},"end":{"line":270,"column":31}},"87":{"start":{"line":272,"column":4},"end":{"line":272,"column":16}}},"fnMap":{"0":{"name":"(anonymous_0)","decl":{"start":{"line":8,"column":17},"end":{"line":8,"column":18}},"loc":{"start":{"line":8,"column":43},"end":{"line":97,"column":1}},"line":8},"1":{"name":"(anonymous_1)","decl":{"start":{"line":100,"column":18},"end":{"line":100,"column":19}},"loc":{"start":{"line":100,"column":32},"end":{"line":119,"column":1}},"line":100},"2":{"name":"(anonymous_2)","decl":{"start":{"line":110,"column":10},"end":{"line":110,"column":11}},"loc":{"start":{"line":110,"column":20},"end":{"line":112,"column":5}},"line":110},"3":{"name":"(anonymous_3)","decl":{"start":{"line":113,"column":11},"end":{"line":113,"column":12}},"loc":{"start":{"line":113,"column":22},"end":{"line":118,"column":5}},"line":113},"4":{"name":"(anonymous_4)","decl":{"start":{"line":122,"column":18},"end":{"line":122,"column":19}},"loc":{"start":{"line":122,"column":32},"end":{"line":134,"column":1}},"line":122},"5":{"name":"(anonymous_5)","decl":{"start":{"line":126,"column":10},"end":{"line":126,"column":11}},"loc":{"start":{"line":126,"column":20},"end":{"line":128,"column":5}},"line":126},"6":{"name":"(anonymous_6)","decl":{"start":{"line":129,"column":11},"end":{"line":129,"column":12}},"loc":{"start":{"line":129,"column":22},"end":{"line":133,"column":5}},"line":129},"7":{"name":"(anonymous_7)","decl":{"start":{"line":137,"column":17},"end":{"line":137,"column":18}},"loc":{"start":{"line":137,"column":43},"end":{"line":208,"column":1}},"line":137},"8":{"name":"(anonymous_8)","decl":{"start":{"line":211,"column":17},"end":{"line":211,"column":18}},"loc":{"start":{"line":211,"column":43},"end":{"line":230,"column":1}},"line":211},"9":{"name":"(anonymous_9)","decl":{"start":{"line":233,"column":20},"end":{"line":233,"column":21}},"loc":{"start":{"line":233,"column":46},"end":{"line":245,"column":1}},"line":233},"10":{"name":"(anonymous_10)","decl":{"start":{"line":248,"column":31},"end":{"line":248,"column":32}},"loc":{"start":{"line":248,"column":57},"end":{"line":260,"column":1}},"line":248},"11":{"name":"(anonymous_11)","decl":{"start":{"line":263,"column":26},"end":{"line":263,"column":27}},"loc":{"start":{"line":263,"column":52},"end":{"line":274,"column":1}},"line":263}},"branchMap":{"0":{"loc":{"start":{"line":11,"column":4},"end":{"line":16,"column":5}},"type":"if","locations":[{"start":{"line":11,"column":4},"end":{"line":16,"column":5}},{"start":{},"end":{}}],"line":11},"1":{"loc":{"start":{"line":24,"column":4},"end":{"line":29,"column":5}},"type":"if","locations":[{"start":{"line":24,"column":4},"end":{"line":29,"column":5}},{"start":{},"end":{}}],"line":24},"2":{"loc":{"start":{"line":62,"column":6},"end":{"line":84,"column":7}},"type":"if","locations":[{"start":{"line":62,"column":6},"end":{"line":84,"column":7}},{"start":{"line":74,"column":13},"end":{"line":84,"column":7}}],"line":62},"3":{"loc":{"start":{"line":74,"column":13},"end":{"line":84,"column":7}},"type":"if","locations":[{"start":{"line":74,"column":13},"end":{"line":84,"column":7}},{"start":{},"end":{}}],"line":74},"4":{"loc":{"start":{"line":116,"column":10},"end":{"line":116,"column":79}},"type":"binary-expr","locations":[{"start":{"line":116,"column":10},"end":{"line":116,"column":23}},{"start":{"line":116,"column":27},"end":{"line":116,"column":79}}],"line":116},"5":{"loc":{"start":{"line":146,"column":4},"end":{"line":204,"column":5}},"type":"if","locations":[{"start":{"line":146,"column":4},"end":{"line":204,"column":5}},{"start":{"line":200,"column":11},"end":{"line":204,"column":5}}],"line":146},"6":{"loc":{"start":{"line":167,"column":8},"end":{"line":189,"column":9}},"type":"if","locations":[{"start":{"line":167,"column":8},"end":{"line":189,"column":9}},{"start":{"line":179,"column":15},"end":{"line":189,"column":9}}],"line":167},"7":{"loc":{"start":{"line":179,"column":15},"end":{"line":189,"column":9}},"type":"if","locations":[{"start":{"line":179,"column":15},"end":{"line":189,"column":9}},{"start":{},"end":{}}],"line":179},"8":{"loc":{"start":{"line":218,"column":4},"end":{"line":226,"column":5}},"type":"if","locations":[{"start":{"line":218,"column":4},"end":{"line":226,"column":5}},{"start":{"line":222,"column":11},"end":{"line":226,"column":5}}],"line":218}},"s":{"0":7,"1":7,"2":7,"3":7,"4":1,"5":1,"6":0,"7":0,"8":1,"9":1,"10":1,"11":1,"12":1,"13":1,"14":0,"15":0,"16":0,"17":0,"18":0,"19":0,"20":0,"21":0,"22":0,"23":0,"24":0,"25":0,"26":0,"27":0,"28":0,"29":0,"30":0,"31":0,"32":7,"33":1,"34":1,"35":0,"36":7,"37":0,"38":0,"39":0,"40":0,"41":7,"42":1,"43":1,"44":1,"45":1,"46":1,"47":1,"48":1,"49":1,"50":1,"51":1,"52":1,"53":1,"54":1,"55":1,"56":0,"57":0,"58":0,"59":1,"60":1,"61":0,"62":0,"63":7,"64":1,"65":1,"66":1,"67":1,"68":1,"69":0,"70":0,"71":7,"72":0,"73":0,"74":0,"75":0,"76":7,"77":0,"78":0,"79":0,"80":0,"81":0,"82":7,"83":0,"84":0,"85":0,"86":0,"87":0},"f":{"0":1,"1":1,"2":1,"3":0,"4":0,"5":0,"6":0,"7":1,"8":1,"9":0,"10":0,"11":0},"b":{"0":[0,1],"1":[1,0],"2":[0,0],"3":[0,0],"4":[0,0],"5":[1,0],"6":[1,0],"7":[0,0],"8":[1,0]},"_coverageSchema":"1a1c01bbd47fc00a2c39e90264f33305004495a9","hash":"449980a197af9e45b0c33fccc4cfb17f6326272e"}
,"D:\\University Work\\Year 4, Term 1\\Research Project in Software Engineering 2\\Dicedreams-deploy-to-render2\\Dicedreams-Backend\\src\\controllers\\postActivityController.js": {"path":"D:\\University Work\\Year 4, Term 1\\Research Project in Software Engineering 2\\Dicedreams-deploy-to-render2\\Dicedreams-Backend\\src\\controllers\\postActivityController.js","statementMap":{"0":{"start":{"line":1,"column":11},"end":{"line":1,"column":31}},"1":{"start":{"line":2,"column":15},"end":{"line":2,"column":32}},"2":{"start":{"line":3,"column":23},"end":{"line":3,"column":38}},"3":{"start":{"line":4,"column":15},"end":{"line":4,"column":35}},"4":{"start":{"line":5,"column":11},"end":{"line":5,"column":24}},"5":{"start":{"line":6,"column":13},"end":{"line":6,"column":28}},"6":{"start":{"line":7,"column":22},"end":{"line":7,"column":37}},"7":{"start":{"line":8,"column":13},"end":{"line":8,"column":31}},"8":{"start":{"line":9,"column":23},"end":{"line":9,"column":46}},"9":{"start":{"line":11,"column":21},"end":{"line":11,"column":37}},"10":{"start":{"line":13,"column":0},"end":{"line":51,"column":2}},"11":{"start":{"line":14,"column":2},"end":{"line":50,"column":3}},"12":{"start":{"line":24,"column":8},"end":{"line":24,"column":16}},"13":{"start":{"line":28,"column":4},"end":{"line":34,"column":5}},"14":{"start":{"line":29,"column":6},"end":{"line":33,"column":7}},"15":{"start":{"line":30,"column":8},"end":{"line":30,"column":71}},"16":{"start":{"line":32,"column":8},"end":{"line":32,"column":48}},"17":{"start":{"line":36,"column":17},"end":{"line":45,"column":5}},"18":{"start":{"line":46,"column":26},"end":{"line":46,"column":57}},"19":{"start":{"line":47,"column":4},"end":{"line":47,"column":40}},"20":{"start":{"line":49,"column":4},"end":{"line":49,"column":16}},"21":{"start":{"line":53,"column":0},"end":{"line":128,"column":2}},"22":{"start":{"line":54,"column":2},"end":{"line":127,"column":3}},"23":{"start":{"line":55,"column":67},"end":{"line":55,"column":76}},"24":{"start":{"line":56,"column":4},"end":{"line":56,"column":67}},"25":{"start":{"line":58,"column":20},"end":{"line":60,"column":5}},"26":{"start":{"line":62,"column":4},"end":{"line":72,"column":5}},"27":{"start":{"line":63,"column":19},"end":{"line":65,"column":7}},"28":{"start":{"line":66,"column":6},"end":{"line":71,"column":8}},"29":{"start":{"line":74,"column":17},"end":{"line":82,"column":6}},"30":{"start":{"line":84,"column":23},"end":{"line":84,"column":27}},"31":{"start":{"line":86,"column":4},"end":{"line":100,"column":5}},"32":{"start":{"line":87,"column":26},"end":{"line":87,"column":73}},"33":{"start":{"line":87,"column":68},"end":{"line":87,"column":72}},"34":{"start":{"line":88,"column":19},"end":{"line":91,"column":8}},"35":{"start":{"line":93,"column":25},"end":{"line":93,"column":27}},"36":{"start":{"line":94,"column":6},"end":{"line":97,"column":9}},"37":{"start":{"line":95,"column":23},"end":{"line":95,"column":40}},"38":{"start":{"line":96,"column":8},"end":{"line":96,"column":76}},"39":{"start":{"line":96,"column":69},"end":{"line":96,"column":73}},"40":{"start":{"line":99,"column":6},"end":{"line":99,"column":48}},"41":{"start":{"line":102,"column":4},"end":{"line":111,"column":5}},"42":{"start":{"line":103,"column":25},"end":{"line":103,"column":71}},"43":{"start":{"line":104,"column":6},"end":{"line":110,"column":23}},"44":{"start":{"line":106,"column":24},"end":{"line":106,"column":65}},"45":{"start":{"line":107,"column":24},"end":{"line":107,"column":65}},"46":{"start":{"line":108,"column":10},"end":{"line":108,"column":77}},"47":{"start":{"line":113,"column":4},"end":{"line":119,"column":7}},"48":{"start":{"line":114,"column":6},"end":{"line":118,"column":7}},"49":{"start":{"line":115,"column":8},"end":{"line":117,"column":56}},"50":{"start":{"line":121,"column":4},"end":{"line":121,"column":27}},"51":{"start":{"line":123,"column":4},"end":{"line":126,"column":7}},"52":{"start":{"line":130,"column":0},"end":{"line":203,"column":2}},"53":{"start":{"line":131,"column":65},"end":{"line":131,"column":74}},"54":{"start":{"line":133,"column":18},"end":{"line":135,"column":3}},"55":{"start":{"line":137,"column":2},"end":{"line":144,"column":3}},"56":{"start":{"line":138,"column":17},"end":{"line":140,"column":5}},"57":{"start":{"line":141,"column":4},"end":{"line":143,"column":6}},"58":{"start":{"line":146,"column":2},"end":{"line":150,"column":3}},"59":{"start":{"line":147,"column":4},"end":{"line":149,"column":6}},"60":{"start":{"line":152,"column":2},"end":{"line":202,"column":3}},"61":{"start":{"line":153,"column":15},"end":{"line":159,"column":6}},"62":{"start":{"line":162,"column":4},"end":{"line":176,"column":5}},"63":{"start":{"line":163,"column":26},"end":{"line":163,"column":73}},"64":{"start":{"line":163,"column":68},"end":{"line":163,"column":72}},"65":{"start":{"line":164,"column":19},"end":{"line":167,"column":8}},"66":{"start":{"line":169,"column":25},"end":{"line":169,"column":27}},"67":{"start":{"line":170,"column":6},"end":{"line":173,"column":9}},"68":{"start":{"line":171,"column":23},"end":{"line":171,"column":40}},"69":{"start":{"line":172,"column":8},"end":{"line":172,"column":76}},"70":{"start":{"line":172,"column":69},"end":{"line":172,"column":73}},"71":{"start":{"line":175,"column":6},"end":{"line":175,"column":40}},"72":{"start":{"line":179,"column":24},"end":{"line":179,"column":32}},"73":{"start":{"line":180,"column":4},"end":{"line":186,"column":7}},"74":{"start":{"line":181,"column":27},"end":{"line":183,"column":7}},"75":{"start":{"line":184,"column":25},"end":{"line":184,"column":61}},"76":{"start":{"line":185,"column":6},"end":{"line":185,"column":62}},"77":{"start":{"line":188,"column":4},"end":{"line":194,"column":7}},"78":{"start":{"line":189,"column":6},"end":{"line":193,"column":7}},"79":{"start":{"line":190,"column":8},"end":{"line":192,"column":47}},"80":{"start":{"line":196,"column":4},"end":{"line":196,"column":19}},"81":{"start":{"line":198,"column":4},"end":{"line":201,"column":7}},"82":{"start":{"line":206,"column":0},"end":{"line":233,"column":2}},"83":{"start":{"line":207,"column":2},"end":{"line":232,"column":3}},"84":{"start":{"line":208,"column":20},"end":{"line":208,"column":38}},"85":{"start":{"line":209,"column":4},"end":{"line":209,"column":59}},"86":{"start":{"line":211,"column":26},"end":{"line":216,"column":6}},"87":{"start":{"line":218,"column":4},"end":{"line":218,"column":56}},"88":{"start":{"line":220,"column":4},"end":{"line":226,"column":7}},"89":{"start":{"line":221,"column":6},"end":{"line":225,"column":7}},"90":{"start":{"line":222,"column":8},"end":{"line":224,"column":47}},"91":{"start":{"line":228,"column":4},"end":{"line":228,"column":40}},"92":{"start":{"line":230,"column":4},"end":{"line":230,"column":65}},"93":{"start":{"line":231,"column":4},"end":{"line":231,"column":16}},"94":{"start":{"line":235,"column":0},"end":{"line":246,"column":2}},"95":{"start":{"line":236,"column":2},"end":{"line":245,"column":3}},"96":{"start":{"line":237,"column":29},"end":{"line":237,"column":42}},"97":{"start":{"line":238,"column":26},"end":{"line":238,"column":71}},"98":{"start":{"line":239,"column":4},"end":{"line":241,"column":52}},"99":{"start":{"line":242,"column":4},"end":{"line":242,"column":40}},"100":{"start":{"line":244,"column":4},"end":{"line":244,"column":16}},"101":{"start":{"line":248,"column":0},"end":{"line":282,"column":2}},"102":{"start":{"line":249,"column":2},"end":{"line":281,"column":3}},"103":{"start":{"line":250,"column":29},"end":{"line":250,"column":42}},"104":{"start":{"line":252,"column":4},"end":{"line":270,"column":5}},"105":{"start":{"line":253,"column":6},"end":{"line":269,"column":7}},"106":{"start":{"line":254,"column":29},"end":{"line":254,"column":74}},"107":{"start":{"line":255,"column":27},"end":{"line":255,"column":69}},"108":{"start":{"line":257,"column":8},"end":{"line":264,"column":9}},"109":{"start":{"line":258,"column":10},"end":{"line":263,"column":12}},"110":{"start":{"line":261,"column":14},"end":{"line":261,"column":73}},"111":{"start":{"line":261,"column":23},"end":{"line":261,"column":73}},"112":{"start":{"line":266,"column":8},"end":{"line":268,"column":10}},"113":{"start":{"line":271,"column":4},"end":{"line":271,"column":74}},"114":{"start":{"line":273,"column":4},"end":{"line":277,"column":7}},"115":{"start":{"line":278,"column":4},"end":{"line":278,"column":80}},"116":{"start":{"line":280,"column":4},"end":{"line":280,"column":16}},"117":{"start":{"line":284,"column":0},"end":{"line":315,"column":2}},"118":{"start":{"line":285,"column":2},"end":{"line":314,"column":3}},"119":{"start":{"line":286,"column":29},"end":{"line":286,"column":42}},"120":{"start":{"line":287,"column":26},"end":{"line":287,"column":71}},"121":{"start":{"line":289,"column":4},"end":{"line":294,"column":5}},"122":{"start":{"line":290,"column":25},"end":{"line":290,"column":67}},"123":{"start":{"line":291,"column":6},"end":{"line":293,"column":9}},"124":{"start":{"line":292,"column":8},"end":{"line":292,"column":67}},"125":{"start":{"line":292,"column":17},"end":{"line":292,"column":67}},"126":{"start":{"line":296,"column":20},"end":{"line":300,"column":6}},"127":{"start":{"line":302,"column":4},"end":{"line":311,"column":5}},"128":{"start":{"line":303,"column":6},"end":{"line":306,"column":9}},"129":{"start":{"line":308,"column":6},"end":{"line":310,"column":9}},"130":{"start":{"line":313,"column":4},"end":{"line":313,"column":16}},"131":{"start":{"line":317,"column":0},"end":{"line":344,"column":2}},"132":{"start":{"line":318,"column":2},"end":{"line":343,"column":3}},"133":{"start":{"line":319,"column":28},"end":{"line":319,"column":56}},"134":{"start":{"line":321,"column":4},"end":{"line":331,"column":5}},"135":{"start":{"line":322,"column":6},"end":{"line":330,"column":7}},"136":{"start":{"line":323,"column":27},"end":{"line":323,"column":69}},"137":{"start":{"line":324,"column":8},"end":{"line":329,"column":10}},"138":{"start":{"line":327,"column":12},"end":{"line":327,"column":71}},"139":{"start":{"line":327,"column":21},"end":{"line":327,"column":71}},"140":{"start":{"line":333,"column":4},"end":{"line":336,"column":7}},"141":{"start":{"line":338,"column":4},"end":{"line":340,"column":7}},"142":{"start":{"line":342,"column":4},"end":{"line":342,"column":16}},"143":{"start":{"line":347,"column":22},"end":{"line":347,"column":40}},"144":{"start":{"line":349,"column":21},"end":{"line":349,"column":56}},"145":{"start":{"line":351,"column":14},"end":{"line":354,"column":3}},"146":{"start":{"line":356,"column":17},"end":{"line":356,"column":19}},"147":{"start":{"line":357,"column":2},"end":{"line":361,"column":3}},"148":{"start":{"line":358,"column":4},"end":{"line":358,"column":33}},"149":{"start":{"line":360,"column":4},"end":{"line":360,"column":36}},"150":{"start":{"line":363,"column":14},"end":{"line":363,"column":42}},"151":{"start":{"line":365,"column":2},"end":{"line":365,"column":68}},"152":{"start":{"line":367,"column":2},"end":{"line":367,"column":18}},"153":{"start":{"line":371,"column":16},"end":{"line":371,"column":69}},"154":{"start":{"line":372,"column":14},"end":{"line":372,"column":16}},"155":{"start":{"line":373,"column":2},"end":{"line":375,"column":3}},"156":{"start":{"line":374,"column":4},"end":{"line":374,"column":45}},"157":{"start":{"line":377,"column":2},"end":{"line":377,"column":26}},"158":{"start":{"line":378,"column":2},"end":{"line":378,"column":26}},"159":{"start":{"line":380,"column":2},"end":{"line":380,"column":15}}},"fnMap":{"0":{"name":"(anonymous_0)","decl":{"start":{"line":13,"column":17},"end":{"line":13,"column":18}},"loc":{"start":{"line":13,"column":43},"end":{"line":51,"column":1}},"line":13},"1":{"name":"(anonymous_1)","decl":{"start":{"line":53,"column":18},"end":{"line":53,"column":19}},"loc":{"start":{"line":53,"column":44},"end":{"line":128,"column":1}},"line":53},"2":{"name":"(anonymous_2)","decl":{"start":{"line":87,"column":58},"end":{"line":87,"column":59}},"loc":{"start":{"line":87,"column":68},"end":{"line":87,"column":72}},"line":87},"3":{"name":"(anonymous_3)","decl":{"start":{"line":94,"column":26},"end":{"line":94,"column":27}},"loc":{"start":{"line":94,"column":36},"end":{"line":97,"column":7}},"line":94},"4":{"name":"(anonymous_4)","decl":{"start":{"line":96,"column":55},"end":{"line":96,"column":56}},"loc":{"start":{"line":96,"column":69},"end":{"line":96,"column":73}},"line":96},"5":{"name":"(anonymous_5)","decl":{"start":{"line":105,"column":14},"end":{"line":105,"column":15}},"loc":{"start":{"line":105,"column":24},"end":{"line":109,"column":9}},"line":105},"6":{"name":"(anonymous_6)","decl":{"start":{"line":113,"column":25},"end":{"line":113,"column":26}},"loc":{"start":{"line":113,"column":44},"end":{"line":119,"column":5}},"line":113},"7":{"name":"(anonymous_7)","decl":{"start":{"line":130,"column":33},"end":{"line":130,"column":34}},"loc":{"start":{"line":130,"column":53},"end":{"line":203,"column":1}},"line":130},"8":{"name":"(anonymous_8)","decl":{"start":{"line":163,"column":58},"end":{"line":163,"column":59}},"loc":{"start":{"line":163,"column":68},"end":{"line":163,"column":72}},"line":163},"9":{"name":"(anonymous_9)","decl":{"start":{"line":170,"column":26},"end":{"line":170,"column":27}},"loc":{"start":{"line":170,"column":36},"end":{"line":173,"column":7}},"line":170},"10":{"name":"(anonymous_10)","decl":{"start":{"line":172,"column":55},"end":{"line":172,"column":56}},"loc":{"start":{"line":172,"column":69},"end":{"line":172,"column":73}},"line":172},"11":{"name":"(anonymous_11)","decl":{"start":{"line":180,"column":23},"end":{"line":180,"column":24}},"loc":{"start":{"line":180,"column":33},"end":{"line":186,"column":5}},"line":180},"12":{"name":"(anonymous_12)","decl":{"start":{"line":188,"column":17},"end":{"line":188,"column":18}},"loc":{"start":{"line":188,"column":27},"end":{"line":194,"column":5}},"line":188},"13":{"name":"(anonymous_13)","decl":{"start":{"line":206,"column":28},"end":{"line":206,"column":29}},"loc":{"start":{"line":206,"column":54},"end":{"line":233,"column":1}},"line":206},"14":{"name":"(anonymous_14)","decl":{"start":{"line":220,"column":26},"end":{"line":220,"column":27}},"loc":{"start":{"line":220,"column":36},"end":{"line":226,"column":5}},"line":220},"15":{"name":"(anonymous_15)","decl":{"start":{"line":235,"column":18},"end":{"line":235,"column":19}},"loc":{"start":{"line":235,"column":44},"end":{"line":246,"column":1}},"line":235},"16":{"name":"(anonymous_16)","decl":{"start":{"line":248,"column":17},"end":{"line":248,"column":18}},"loc":{"start":{"line":248,"column":43},"end":{"line":282,"column":1}},"line":248},"17":{"name":"(anonymous_17)","decl":{"start":{"line":260,"column":12},"end":{"line":260,"column":13}},"loc":{"start":{"line":260,"column":27},"end":{"line":262,"column":13}},"line":260},"18":{"name":"(anonymous_18)","decl":{"start":{"line":284,"column":17},"end":{"line":284,"column":18}},"loc":{"start":{"line":284,"column":43},"end":{"line":315,"column":1}},"line":284},"19":{"name":"(anonymous_19)","decl":{"start":{"line":291,"column":64},"end":{"line":291,"column":65}},"loc":{"start":{"line":291,"column":79},"end":{"line":293,"column":7}},"line":291},"20":{"name":"(anonymous_20)","decl":{"start":{"line":317,"column":20},"end":{"line":317,"column":21}},"loc":{"start":{"line":317,"column":46},"end":{"line":344,"column":1}},"line":317},"21":{"name":"(anonymous_21)","decl":{"start":{"line":326,"column":10},"end":{"line":326,"column":11}},"loc":{"start":{"line":326,"column":25},"end":{"line":328,"column":11}},"line":326},"22":{"name":"saveImageToDisk","decl":{"start":{"line":346,"column":15},"end":{"line":346,"column":30}},"loc":{"start":{"line":346,"column":42},"end":{"line":368,"column":1}},"line":346},"23":{"name":"decodeBase64Image","decl":{"start":{"line":370,"column":9},"end":{"line":370,"column":26}},"loc":{"start":{"line":370,"column":38},"end":{"line":381,"column":1}},"line":370}},"branchMap":{"0":{"loc":{"start":{"line":28,"column":4},"end":{"line":34,"column":5}},"type":"if","locations":[{"start":{"line":28,"column":4},"end":{"line":34,"column":5}},{"start":{},"end":{}}],"line":28},"1":{"loc":{"start":{"line":29,"column":6},"end":{"line":33,"column":7}},"type":"if","locations":[{"start":{"line":29,"column":6},"end":{"line":33,"column":7}},{"start":{"line":31,"column":13},"end":{"line":33,"column":7}}],"line":29},"2":{"loc":{"start":{"line":62,"column":4},"end":{"line":72,"column":5}},"type":"if","locations":[{"start":{"line":62,"column":4},"end":{"line":72,"column":5}},{"start":{},"end":{}}],"line":62},"3":{"loc":{"start":{"line":86,"column":4},"end":{"line":100,"column":5}},"type":"if","locations":[{"start":{"line":86,"column":4},"end":{"line":100,"column":5}},{"start":{},"end":{}}],"line":86},"4":{"loc":{"start":{"line":102,"column":4},"end":{"line":111,"column":5}},"type":"if","locations":[{"start":{"line":102,"column":4},"end":{"line":111,"column":5}},{"start":{},"end":{}}],"line":102},"5":{"loc":{"start":{"line":114,"column":6},"end":{"line":118,"column":7}},"type":"if","locations":[{"start":{"line":114,"column":6},"end":{"line":118,"column":7}},{"start":{},"end":{}}],"line":114},"6":{"loc":{"start":{"line":125,"column":8},"end":{"line":125,"column":75}},"type":"binary-expr","locations":[{"start":{"line":125,"column":8},"end":{"line":125,"column":21}},{"start":{"line":125,"column":25},"end":{"line":125,"column":75}}],"line":125},"7":{"loc":{"start":{"line":137,"column":2},"end":{"line":144,"column":3}},"type":"if","locations":[{"start":{"line":137,"column":2},"end":{"line":144,"column":3}},{"start":{},"end":{}}],"line":137},"8":{"loc":{"start":{"line":146,"column":2},"end":{"line":150,"column":3}},"type":"if","locations":[{"start":{"line":146,"column":2},"end":{"line":150,"column":3}},{"start":{},"end":{}}],"line":146},"9":{"loc":{"start":{"line":162,"column":4},"end":{"line":176,"column":5}},"type":"if","locations":[{"start":{"line":162,"column":4},"end":{"line":176,"column":5}},{"start":{},"end":{}}],"line":162},"10":{"loc":{"start":{"line":185,"column":13},"end":{"line":185,"column":61}},"type":"binary-expr","locations":[{"start":{"line":185,"column":13},"end":{"line":185,"column":46}},{"start":{"line":185,"column":50},"end":{"line":185,"column":61}}],"line":185},"11":{"loc":{"start":{"line":189,"column":6},"end":{"line":193,"column":7}},"type":"if","locations":[{"start":{"line":189,"column":6},"end":{"line":193,"column":7}},{"start":{},"end":{}}],"line":189},"12":{"loc":{"start":{"line":200,"column":8},"end":{"line":200,"column":73}},"type":"binary-expr","locations":[{"start":{"line":200,"column":8},"end":{"line":200,"column":19}},{"start":{"line":200,"column":23},"end":{"line":200,"column":73}}],"line":200},"13":{"loc":{"start":{"line":221,"column":6},"end":{"line":225,"column":7}},"type":"if","locations":[{"start":{"line":221,"column":6},"end":{"line":225,"column":7}},{"start":{},"end":{}}],"line":221},"14":{"loc":{"start":{"line":252,"column":4},"end":{"line":270,"column":5}},"type":"if","locations":[{"start":{"line":252,"column":4},"end":{"line":270,"column":5}},{"start":{},"end":{}}],"line":252},"15":{"loc":{"start":{"line":253,"column":6},"end":{"line":269,"column":7}},"type":"if","locations":[{"start":{"line":253,"column":6},"end":{"line":269,"column":7}},{"start":{},"end":{}}],"line":253},"16":{"loc":{"start":{"line":257,"column":8},"end":{"line":264,"column":9}},"type":"if","locations":[{"start":{"line":257,"column":8},"end":{"line":264,"column":9}},{"start":{},"end":{}}],"line":257},"17":{"loc":{"start":{"line":261,"column":14},"end":{"line":261,"column":73}},"type":"if","locations":[{"start":{"line":261,"column":14},"end":{"line":261,"column":73}},{"start":{},"end":{}}],"line":261},"18":{"loc":{"start":{"line":289,"column":4},"end":{"line":294,"column":5}},"type":"if","locations":[{"start":{"line":289,"column":4},"end":{"line":294,"column":5}},{"start":{},"end":{}}],"line":289},"19":{"loc":{"start":{"line":289,"column":8},"end":{"line":289,"column":58}},"type":"binary-expr","locations":[{"start":{"line":289,"column":8},"end":{"line":289,"column":21}},{"start":{"line":289,"column":25},"end":{"line":289,"column":58}}],"line":289},"20":{"loc":{"start":{"line":292,"column":8},"end":{"line":292,"column":67}},"type":"if","locations":[{"start":{"line":292,"column":8},"end":{"line":292,"column":67}},{"start":{},"end":{}}],"line":292},"21":{"loc":{"start":{"line":302,"column":4},"end":{"line":311,"column":5}},"type":"if","locations":[{"start":{"line":302,"column":4},"end":{"line":311,"column":5}},{"start":{"line":307,"column":11},"end":{"line":311,"column":5}}],"line":302},"22":{"loc":{"start":{"line":322,"column":6},"end":{"line":330,"column":7}},"type":"if","locations":[{"start":{"line":322,"column":6},"end":{"line":330,"column":7}},{"start":{},"end":{}}],"line":322},"23":{"loc":{"start":{"line":327,"column":12},"end":{"line":327,"column":71}},"type":"if","locations":[{"start":{"line":327,"column":12},"end":{"line":327,"column":71}},{"start":{},"end":{}}],"line":327},"24":{"loc":{"start":{"line":357,"column":2},"end":{"line":361,"column":3}},"type":"if","locations":[{"start":{"line":357,"column":2},"end":{"line":361,"column":3}},{"start":{"line":359,"column":9},"end":{"line":361,"column":3}}],"line":357},"25":{"loc":{"start":{"line":373,"column":2},"end":{"line":375,"column":3}},"type":"if","locations":[{"start":{"line":373,"column":2},"end":{"line":375,"column":3}},{"start":{},"end":{}}],"line":373},"26":{"loc":{"start":{"line":373,"column":6},"end":{"line":373,"column":38}},"type":"binary-expr","locations":[{"start":{"line":373,"column":6},"end":{"line":373,"column":14}},{"start":{"line":373,"column":18},"end":{"line":373,"column":38}}],"line":373}},"s":{"0":7,"1":7,"2":7,"3":7,"4":7,"5":7,"6":7,"7":7,"8":7,"9":7,"10":7,"11":1,"12":1,"13":1,"14":1,"15":0,"16":1,"17":1,"18":1,"19":1,"20":0,"21":7,"22":1,"23":1,"24":1,"25":1,"26":1,"27":0,"28":0,"29":1,"30":1,"31":1,"32":0,"33":0,"34":0,"35":0,"36":0,"37":0,"38":0,"39":0,"40":0,"41":1,"42":0,"43":0,"44":0,"45":0,"46":0,"47":1,"48":18,"49":16,"50":1,"51":0,"52":7,"53":0,"54":0,"55":0,"56":0,"57":0,"58":0,"59":0,"60":0,"61":0,"62":0,"63":0,"64":0,"65":0,"66":0,"67":0,"68":0,"69":0,"70":0,"71":0,"72":0,"73":0,"74":0,"75":0,"76":0,"77":0,"78":0,"79":0,"80":0,"81":0,"82":7,"83":0,"84":0,"85":0,"86":0,"87":0,"88":0,"89":0,"90":0,"91":0,"92":0,"93":0,"94":7,"95":0,"96":0,"97":0,"98":0,"99":0,"100":0,"101":7,"102":1,"103":1,"104":1,"105":0,"106":0,"107":0,"108":0,"109":0,"110":0,"111":0,"112":0,"113":1,"114":1,"115":1,"116":0,"117":7,"118":1,"119":1,"120":1,"121":1,"122":1,"123":1,"124":1,"125":1,"126":1,"127":1,"128":1,"129":0,"130":0,"131":7,"132":0,"133":0,"134":0,"135":0,"136":0,"137":0,"138":0,"139":0,"140":0,"141":0,"142":0,"143":0,"144":0,"145":0,"146":0,"147":0,"148":0,"149":0,"150":0,"151":0,"152":0,"153":0,"154":0,"155":0,"156":0,"157":0,"158":0,"159":0},"f":{"0":1,"1":1,"2":0,"3":0,"4":0,"5":0,"6":18,"7":0,"8":0,"9":0,"10":0,"11":0,"12":0,"13":0,"14":0,"15":0,"16":1,"17":0,"18":1,"19":1,"20":0,"21":0,"22":0,"23":0},"b":{"0":[1,0],"1":[0,1],"2":[0,1],"3":[0,1],"4":[0,1],"5":[16,2],"6":[0,0],"7":[0,0],"8":[0,0],"9":[0,0],"10":[0,0],"11":[0,0],"12":[0,0],"13":[0,0],"14":[0,1],"15":[0,0],"16":[0,0],"17":[0,0],"18":[1,0],"19":[1,1],"20":[1,0],"21":[1,0],"22":[0,0],"23":[0,0],"24":[0,0],"25":[0,0],"26":[0,0]},"_coverageSchema":"1a1c01bbd47fc00a2c39e90264f33305004495a9","hash":"dcc46ccc2565bd3f71be7feff89e5683c1aefb77"}
,"D:\\University Work\\Year 4, Term 1\\Research Project in Software Engineering 2\\Dicedreams-deploy-to-render2\\Dicedreams-Backend\\src\\controllers\\postGameController.js": {"path":"D:\\University Work\\Year 4, Term 1\\Research Project in Software Engineering 2\\Dicedreams-deploy-to-render2\\Dicedreams-Backend\\src\\controllers\\postGameController.js","statementMap":{"0":{"start":{"line":1,"column":11},"end":{"line":1,"column":31}},"1":{"start":{"line":2,"column":15},"end":{"line":2,"column":32}},"2":{"start":{"line":4,"column":23},"end":{"line":4,"column":38}},"3":{"start":{"line":5,"column":15},"end":{"line":5,"column":35}},"4":{"start":{"line":6,"column":11},"end":{"line":6,"column":24}},"5":{"start":{"line":7,"column":13},"end":{"line":7,"column":28}},"6":{"start":{"line":8,"column":22},"end":{"line":8,"column":37}},"7":{"start":{"line":9,"column":13},"end":{"line":9,"column":31}},"8":{"start":{"line":10,"column":23},"end":{"line":10,"column":46}},"9":{"start":{"line":12,"column":18},"end":{"line":12,"column":31}},"10":{"start":{"line":15,"column":0},"end":{"line":56,"column":2}},"11":{"start":{"line":16,"column":2},"end":{"line":55,"column":3}},"12":{"start":{"line":18,"column":4},"end":{"line":23,"column":5}},"13":{"start":{"line":19,"column":6},"end":{"line":21,"column":9}},"14":{"start":{"line":22,"column":6},"end":{"line":22,"column":13}},"15":{"start":{"line":27,"column":4},"end":{"line":33,"column":5}},"16":{"start":{"line":28,"column":6},"end":{"line":32,"column":7}},"17":{"start":{"line":29,"column":8},"end":{"line":29,"column":65}},"18":{"start":{"line":31,"column":8},"end":{"line":31,"column":42}},"19":{"start":{"line":36,"column":17},"end":{"line":46,"column":5}},"20":{"start":{"line":49,"column":17},"end":{"line":49,"column":45}},"21":{"start":{"line":50,"column":4},"end":{"line":52,"column":71}},"22":{"start":{"line":54,"column":4},"end":{"line":54,"column":16}},"23":{"start":{"line":59,"column":0},"end":{"line":145,"column":2}},"24":{"start":{"line":61,"column":4},"end":{"line":61,"column":13}},"25":{"start":{"line":62,"column":2},"end":{"line":62,"column":60}},"26":{"start":{"line":64,"column":18},"end":{"line":66,"column":3}},"27":{"start":{"line":68,"column":2},"end":{"line":76,"column":3}},"28":{"start":{"line":69,"column":17},"end":{"line":69,"column":76}},"29":{"start":{"line":70,"column":4},"end":{"line":75,"column":6}},"30":{"start":{"line":78,"column":2},"end":{"line":85,"column":3}},"31":{"start":{"line":79,"column":4},"end":{"line":84,"column":6}},"32":{"start":{"line":87,"column":2},"end":{"line":144,"column":3}},"33":{"start":{"line":88,"column":17},"end":{"line":95,"column":6}},"34":{"start":{"line":97,"column":23},"end":{"line":97,"column":27}},"35":{"start":{"line":99,"column":4},"end":{"line":113,"column":5}},"36":{"start":{"line":100,"column":19},"end":{"line":104,"column":8}},"37":{"start":{"line":105,"column":21},"end":{"line":105,"column":51}},"38":{"start":{"line":106,"column":6},"end":{"line":112,"column":12}},"39":{"start":{"line":107,"column":35},"end":{"line":107,"column":39}},"40":{"start":{"line":110,"column":14},"end":{"line":111,"column":56}},"41":{"start":{"line":115,"column":4},"end":{"line":129,"column":5}},"42":{"start":{"line":116,"column":26},"end":{"line":116,"column":73}},"43":{"start":{"line":116,"column":68},"end":{"line":116,"column":72}},"44":{"start":{"line":117,"column":19},"end":{"line":120,"column":8}},"45":{"start":{"line":122,"column":25},"end":{"line":122,"column":27}},"46":{"start":{"line":123,"column":6},"end":{"line":126,"column":9}},"47":{"start":{"line":124,"column":23},"end":{"line":124,"column":40}},"48":{"start":{"line":125,"column":8},"end":{"line":125,"column":76}},"49":{"start":{"line":125,"column":69},"end":{"line":125,"column":73}},"50":{"start":{"line":128,"column":6},"end":{"line":128,"column":48}},"51":{"start":{"line":131,"column":4},"end":{"line":137,"column":7}},"52":{"start":{"line":132,"column":6},"end":{"line":136,"column":7}},"53":{"start":{"line":133,"column":8},"end":{"line":135,"column":11}},"54":{"start":{"line":139,"column":4},"end":{"line":139,"column":27}},"55":{"start":{"line":141,"column":4},"end":{"line":143,"column":7}},"56":{"start":{"line":147,"column":0},"end":{"line":233,"column":2}},"57":{"start":{"line":149,"column":4},"end":{"line":149,"column":13}},"58":{"start":{"line":151,"column":18},"end":{"line":153,"column":3}},"59":{"start":{"line":155,"column":2},"end":{"line":160,"column":3}},"60":{"start":{"line":156,"column":17},"end":{"line":156,"column":76}},"61":{"start":{"line":157,"column":4},"end":{"line":159,"column":6}},"62":{"start":{"line":162,"column":2},"end":{"line":166,"column":3}},"63":{"start":{"line":163,"column":4},"end":{"line":165,"column":6}},"64":{"start":{"line":168,"column":2},"end":{"line":232,"column":3}},"65":{"start":{"line":169,"column":15},"end":{"line":175,"column":6}},"66":{"start":{"line":178,"column":4},"end":{"line":192,"column":5}},"67":{"start":{"line":179,"column":19},"end":{"line":183,"column":8}},"68":{"start":{"line":184,"column":21},"end":{"line":184,"column":51}},"69":{"start":{"line":185,"column":6},"end":{"line":191,"column":12}},"70":{"start":{"line":186,"column":35},"end":{"line":186,"column":39}},"71":{"start":{"line":189,"column":14},"end":{"line":190,"column":56}},"72":{"start":{"line":195,"column":4},"end":{"line":209,"column":5}},"73":{"start":{"line":196,"column":26},"end":{"line":196,"column":73}},"74":{"start":{"line":196,"column":68},"end":{"line":196,"column":72}},"75":{"start":{"line":197,"column":19},"end":{"line":200,"column":8}},"76":{"start":{"line":202,"column":25},"end":{"line":202,"column":27}},"77":{"start":{"line":203,"column":6},"end":{"line":206,"column":9}},"78":{"start":{"line":204,"column":23},"end":{"line":204,"column":40}},"79":{"start":{"line":205,"column":8},"end":{"line":205,"column":76}},"80":{"start":{"line":205,"column":69},"end":{"line":205,"column":73}},"81":{"start":{"line":208,"column":6},"end":{"line":208,"column":40}},"82":{"start":{"line":212,"column":24},"end":{"line":212,"column":32}},"83":{"start":{"line":213,"column":4},"end":{"line":217,"column":7}},"84":{"start":{"line":214,"column":27},"end":{"line":214,"column":72}},"85":{"start":{"line":215,"column":25},"end":{"line":215,"column":61}},"86":{"start":{"line":216,"column":6},"end":{"line":216,"column":62}},"87":{"start":{"line":219,"column":4},"end":{"line":225,"column":7}},"88":{"start":{"line":220,"column":6},"end":{"line":224,"column":7}},"89":{"start":{"line":221,"column":8},"end":{"line":223,"column":11}},"90":{"start":{"line":227,"column":4},"end":{"line":227,"column":19}},"91":{"start":{"line":229,"column":4},"end":{"line":231,"column":7}},"92":{"start":{"line":236,"column":0},"end":{"line":258,"column":2}},"93":{"start":{"line":237,"column":17},"end":{"line":237,"column":34}},"94":{"start":{"line":239,"column":2},"end":{"line":257,"column":7}},"95":{"start":{"line":244,"column":6},"end":{"line":250,"column":9}},"96":{"start":{"line":245,"column":8},"end":{"line":249,"column":9}},"97":{"start":{"line":246,"column":10},"end":{"line":248,"column":13}},"98":{"start":{"line":251,"column":6},"end":{"line":251,"column":21}},"99":{"start":{"line":254,"column":6},"end":{"line":256,"column":9}},"100":{"start":{"line":261,"column":0},"end":{"line":278,"column":2}},"101":{"start":{"line":262,"column":13},"end":{"line":262,"column":26}},"102":{"start":{"line":264,"column":2},"end":{"line":277,"column":7}},"103":{"start":{"line":266,"column":6},"end":{"line":270,"column":7}},"104":{"start":{"line":267,"column":8},"end":{"line":269,"column":11}},"105":{"start":{"line":271,"column":6},"end":{"line":271,"column":21}},"106":{"start":{"line":274,"column":6},"end":{"line":276,"column":9}},"107":{"start":{"line":281,"column":0},"end":{"line":327,"column":2}},"108":{"start":{"line":282,"column":13},"end":{"line":282,"column":26}},"109":{"start":{"line":285,"column":2},"end":{"line":304,"column":3}},"110":{"start":{"line":286,"column":4},"end":{"line":303,"column":5}},"111":{"start":{"line":287,"column":24},"end":{"line":287,"column":52}},"112":{"start":{"line":288,"column":25},"end":{"line":288,"column":67}},"113":{"start":{"line":290,"column":6},"end":{"line":294,"column":7}},"114":{"start":{"line":291,"column":8},"end":{"line":293,"column":11}},"115":{"start":{"line":292,"column":10},"end":{"line":292,"column":69}},"116":{"start":{"line":292,"column":19},"end":{"line":292,"column":69}},"117":{"start":{"line":296,"column":6},"end":{"line":296,"column":73}},"118":{"start":{"line":299,"column":6},"end":{"line":302,"column":8}},"119":{"start":{"line":306,"column":2},"end":{"line":306,"column":64}},"120":{"start":{"line":308,"column":2},"end":{"line":326,"column":7}},"121":{"start":{"line":312,"column":6},"end":{"line":320,"column":7}},"122":{"start":{"line":313,"column":8},"end":{"line":315,"column":11}},"123":{"start":{"line":317,"column":8},"end":{"line":319,"column":11}},"124":{"start":{"line":323,"column":6},"end":{"line":325,"column":9}},"125":{"start":{"line":330,"column":0},"end":{"line":352,"column":2}},"126":{"start":{"line":331,"column":13},"end":{"line":331,"column":26}},"127":{"start":{"line":333,"column":2},"end":{"line":351,"column":7}},"128":{"start":{"line":337,"column":6},"end":{"line":345,"column":7}},"129":{"start":{"line":338,"column":8},"end":{"line":340,"column":11}},"130":{"start":{"line":342,"column":8},"end":{"line":344,"column":11}},"131":{"start":{"line":348,"column":6},"end":{"line":350,"column":9}},"132":{"start":{"line":355,"column":0},"end":{"line":368,"column":2}},"133":{"start":{"line":356,"column":2},"end":{"line":367,"column":7}},"134":{"start":{"line":361,"column":6},"end":{"line":361,"column":72}},"135":{"start":{"line":364,"column":6},"end":{"line":366,"column":9}},"136":{"start":{"line":371,"column":22},"end":{"line":371,"column":40}},"137":{"start":{"line":373,"column":21},"end":{"line":373,"column":56}},"138":{"start":{"line":375,"column":14},"end":{"line":378,"column":3}},"139":{"start":{"line":380,"column":17},"end":{"line":380,"column":19}},"140":{"start":{"line":381,"column":2},"end":{"line":385,"column":3}},"141":{"start":{"line":382,"column":4},"end":{"line":382,"column":33}},"142":{"start":{"line":384,"column":4},"end":{"line":384,"column":36}},"143":{"start":{"line":387,"column":14},"end":{"line":387,"column":42}},"144":{"start":{"line":389,"column":2},"end":{"line":389,"column":68}},"145":{"start":{"line":391,"column":2},"end":{"line":391,"column":18}},"146":{"start":{"line":395,"column":16},"end":{"line":395,"column":69}},"147":{"start":{"line":396,"column":14},"end":{"line":396,"column":16}},"148":{"start":{"line":397,"column":2},"end":{"line":399,"column":3}},"149":{"start":{"line":398,"column":4},"end":{"line":398,"column":45}},"150":{"start":{"line":401,"column":2},"end":{"line":401,"column":26}},"151":{"start":{"line":402,"column":2},"end":{"line":402,"column":26}},"152":{"start":{"line":404,"column":2},"end":{"line":404,"column":15}}},"fnMap":{"0":{"name":"(anonymous_0)","decl":{"start":{"line":15,"column":17},"end":{"line":15,"column":18}},"loc":{"start":{"line":15,"column":43},"end":{"line":56,"column":1}},"line":15},"1":{"name":"(anonymous_1)","decl":{"start":{"line":59,"column":18},"end":{"line":59,"column":19}},"loc":{"start":{"line":59,"column":38},"end":{"line":145,"column":1}},"line":59},"2":{"name":"(anonymous_2)","decl":{"start":{"line":107,"column":21},"end":{"line":107,"column":22}},"loc":{"start":{"line":107,"column":35},"end":{"line":107,"column":39}},"line":107},"3":{"name":"(anonymous_3)","decl":{"start":{"line":109,"column":12},"end":{"line":109,"column":13}},"loc":{"start":{"line":110,"column":14},"end":{"line":111,"column":56}},"line":110},"4":{"name":"(anonymous_4)","decl":{"start":{"line":116,"column":58},"end":{"line":116,"column":59}},"loc":{"start":{"line":116,"column":68},"end":{"line":116,"column":72}},"line":116},"5":{"name":"(anonymous_5)","decl":{"start":{"line":123,"column":26},"end":{"line":123,"column":27}},"loc":{"start":{"line":123,"column":36},"end":{"line":126,"column":7}},"line":123},"6":{"name":"(anonymous_6)","decl":{"start":{"line":125,"column":55},"end":{"line":125,"column":56}},"loc":{"start":{"line":125,"column":69},"end":{"line":125,"column":73}},"line":125},"7":{"name":"(anonymous_7)","decl":{"start":{"line":131,"column":25},"end":{"line":131,"column":26}},"loc":{"start":{"line":131,"column":41},"end":{"line":137,"column":5}},"line":131},"8":{"name":"(anonymous_8)","decl":{"start":{"line":147,"column":28},"end":{"line":147,"column":29}},"loc":{"start":{"line":147,"column":48},"end":{"line":233,"column":1}},"line":147},"9":{"name":"(anonymous_9)","decl":{"start":{"line":186,"column":21},"end":{"line":186,"column":22}},"loc":{"start":{"line":186,"column":35},"end":{"line":186,"column":39}},"line":186},"10":{"name":"(anonymous_10)","decl":{"start":{"line":188,"column":12},"end":{"line":188,"column":13}},"loc":{"start":{"line":189,"column":14},"end":{"line":190,"column":56}},"line":189},"11":{"name":"(anonymous_11)","decl":{"start":{"line":196,"column":58},"end":{"line":196,"column":59}},"loc":{"start":{"line":196,"column":68},"end":{"line":196,"column":72}},"line":196},"12":{"name":"(anonymous_12)","decl":{"start":{"line":203,"column":26},"end":{"line":203,"column":27}},"loc":{"start":{"line":203,"column":36},"end":{"line":206,"column":7}},"line":203},"13":{"name":"(anonymous_13)","decl":{"start":{"line":205,"column":55},"end":{"line":205,"column":56}},"loc":{"start":{"line":205,"column":69},"end":{"line":205,"column":73}},"line":205},"14":{"name":"(anonymous_14)","decl":{"start":{"line":213,"column":23},"end":{"line":213,"column":24}},"loc":{"start":{"line":213,"column":33},"end":{"line":217,"column":5}},"line":213},"15":{"name":"(anonymous_15)","decl":{"start":{"line":219,"column":17},"end":{"line":219,"column":18}},"loc":{"start":{"line":219,"column":27},"end":{"line":225,"column":5}},"line":219},"16":{"name":"(anonymous_16)","decl":{"start":{"line":236,"column":27},"end":{"line":236,"column":28}},"loc":{"start":{"line":236,"column":41},"end":{"line":258,"column":1}},"line":236},"17":{"name":"(anonymous_17)","decl":{"start":{"line":243,"column":10},"end":{"line":243,"column":11}},"loc":{"start":{"line":243,"column":20},"end":{"line":252,"column":5}},"line":243},"18":{"name":"(anonymous_18)","decl":{"start":{"line":244,"column":19},"end":{"line":244,"column":20}},"loc":{"start":{"line":244,"column":29},"end":{"line":250,"column":7}},"line":244},"19":{"name":"(anonymous_19)","decl":{"start":{"line":253,"column":11},"end":{"line":253,"column":12}},"loc":{"start":{"line":253,"column":20},"end":{"line":257,"column":5}},"line":253},"20":{"name":"(anonymous_20)","decl":{"start":{"line":261,"column":18},"end":{"line":261,"column":19}},"loc":{"start":{"line":261,"column":32},"end":{"line":278,"column":1}},"line":261},"21":{"name":"(anonymous_21)","decl":{"start":{"line":265,"column":10},"end":{"line":265,"column":11}},"loc":{"start":{"line":265,"column":20},"end":{"line":272,"column":5}},"line":265},"22":{"name":"(anonymous_22)","decl":{"start":{"line":273,"column":11},"end":{"line":273,"column":12}},"loc":{"start":{"line":273,"column":20},"end":{"line":277,"column":5}},"line":273},"23":{"name":"(anonymous_23)","decl":{"start":{"line":281,"column":17},"end":{"line":281,"column":18}},"loc":{"start":{"line":281,"column":43},"end":{"line":327,"column":1}},"line":281},"24":{"name":"(anonymous_24)","decl":{"start":{"line":291,"column":54},"end":{"line":291,"column":55}},"loc":{"start":{"line":291,"column":69},"end":{"line":293,"column":9}},"line":291},"25":{"name":"(anonymous_25)","decl":{"start":{"line":311,"column":10},"end":{"line":311,"column":11}},"loc":{"start":{"line":311,"column":19},"end":{"line":321,"column":5}},"line":311},"26":{"name":"(anonymous_26)","decl":{"start":{"line":322,"column":11},"end":{"line":322,"column":12}},"loc":{"start":{"line":322,"column":20},"end":{"line":326,"column":5}},"line":322},"27":{"name":"(anonymous_27)","decl":{"start":{"line":330,"column":17},"end":{"line":330,"column":18}},"loc":{"start":{"line":330,"column":31},"end":{"line":352,"column":1}},"line":330},"28":{"name":"(anonymous_28)","decl":{"start":{"line":336,"column":10},"end":{"line":336,"column":11}},"loc":{"start":{"line":336,"column":19},"end":{"line":346,"column":5}},"line":336},"29":{"name":"(anonymous_29)","decl":{"start":{"line":347,"column":11},"end":{"line":347,"column":12}},"loc":{"start":{"line":347,"column":20},"end":{"line":351,"column":5}},"line":347},"30":{"name":"(anonymous_30)","decl":{"start":{"line":355,"column":20},"end":{"line":355,"column":21}},"loc":{"start":{"line":355,"column":34},"end":{"line":368,"column":1}},"line":355},"31":{"name":"(anonymous_31)","decl":{"start":{"line":360,"column":10},"end":{"line":360,"column":11}},"loc":{"start":{"line":360,"column":20},"end":{"line":362,"column":5}},"line":360},"32":{"name":"(anonymous_32)","decl":{"start":{"line":363,"column":11},"end":{"line":363,"column":12}},"loc":{"start":{"line":363,"column":20},"end":{"line":367,"column":5}},"line":363},"33":{"name":"saveImageToDisk","decl":{"start":{"line":370,"column":15},"end":{"line":370,"column":30}},"loc":{"start":{"line":370,"column":42},"end":{"line":392,"column":1}},"line":370},"34":{"name":"decodeBase64Image","decl":{"start":{"line":394,"column":9},"end":{"line":394,"column":26}},"loc":{"start":{"line":394,"column":38},"end":{"line":405,"column":1}},"line":394}},"branchMap":{"0":{"loc":{"start":{"line":18,"column":4},"end":{"line":23,"column":5}},"type":"if","locations":[{"start":{"line":18,"column":4},"end":{"line":23,"column":5}},{"start":{},"end":{}}],"line":18},"1":{"loc":{"start":{"line":27,"column":4},"end":{"line":33,"column":5}},"type":"if","locations":[{"start":{"line":27,"column":4},"end":{"line":33,"column":5}},{"start":{},"end":{}}],"line":27},"2":{"loc":{"start":{"line":28,"column":6},"end":{"line":32,"column":7}},"type":"if","locations":[{"start":{"line":28,"column":6},"end":{"line":32,"column":7}},{"start":{"line":30,"column":13},"end":{"line":32,"column":7}}],"line":28},"3":{"loc":{"start":{"line":68,"column":2},"end":{"line":76,"column":3}},"type":"if","locations":[{"start":{"line":68,"column":2},"end":{"line":76,"column":3}},{"start":{},"end":{}}],"line":68},"4":{"loc":{"start":{"line":78,"column":2},"end":{"line":85,"column":3}},"type":"if","locations":[{"start":{"line":78,"column":2},"end":{"line":85,"column":3}},{"start":{},"end":{}}],"line":78},"5":{"loc":{"start":{"line":99,"column":4},"end":{"line":113,"column":5}},"type":"if","locations":[{"start":{"line":99,"column":4},"end":{"line":113,"column":5}},{"start":{},"end":{}}],"line":99},"6":{"loc":{"start":{"line":106,"column":21},"end":{"line":112,"colu
[...]
,"D:\\University Work\\Year 4, Term 1\\Research Project in Software Engineering 2\\Dicedreams-deploy-to-render2\\Dicedreams-Backend\\src\\models\\post_games.js": {"path":"D:\\University Work\\Year 4, Term 1\\Research Project in Software Engineering 2\\Dicedreams-deploy-to-render2\\Dicedreams-Backend\\src\\models\\post_games.js","statementMap":{"0":{"start":{"line":1,"column":22},"end":{"line":1,"column":42}},"1":{"start":{"line":3,"column":0},"end":{"line":68,"column":2}},"2":{"start":{"line":4,"column":20},"end":{"line":58,"column":3}},"3":{"start":{"line":60,"column":2},"end":{"line":65,"column":67}},"4":{"start":{"line":63,"column":6},"end":{"line":63,"column":70}},"5":{"start":{"line":65,"column":22},"end":{"line":65,"column":65}},"6":{"start":{"line":67,"column":2},"end":{"line":67,"column":19}}},"fnMap":{"0":{"name":"(anonymous_0)","decl":{"start":{"line":3,"column":17},"end":{"line":3,"column":18}},"loc":{"start":{"line":3,"column":43},"end":{"line":68,"column":1}},"line":3},"1":{"name":"(anonymous_1)","decl":{"start":{"line":62,"column":10},"end":{"line":62,"column":11}},"loc":{"start":{"line":63,"column":6},"end":{"line":63,"column":70}},"line":63},"2":{"name":"(anonymous_2)","decl":{"start":{"line":65,"column":11},"end":{"line":65,"column":12}},"loc":{"start":{"line":65,"column":22},"end":{"line":65,"column":65}},"line":65}},"branchMap":{},"s":{"0":7,"1":7,"2":7,"3":7,"4":7,"5":0,"6":7},"f":{"0":7,"1":7,"2":0},"b":{},"_coverageSchema":"1a1c01bbd47fc00a2c39e90264f33305004495a9","hash":"08ef7e2db8d08f539449562a9dabc4281a1b4349"}
,"D:\\University Work\\Year 4, Term 1\\Research Project in Software Engineering 2\\Dicedreams-deploy-to-render2\\Dicedreams-Backend\\src\\models\\store.js": {"path":"D:\\University Work\\Year 4, Term 1\\Research Project in Software Engineering 2\\Dicedreams-deploy-to-render2\\Dicedreams-Backend\\src\\models\\store.js","statementMap":{"0":{"start":{"line":1,"column":22},"end":{"line":1,"column":42}},"1":{"start":{"line":3,"column":0},"end":{"line":69,"column":2}},"2":{"start":{"line":4,"column":16},"end":{"line":61,"column":3}},"3":{"start":{"line":63,"column":2},"end":{"line":66,"column":67}},"4":{"start":{"line":65,"column":16},"end":{"line":65,"column":75}},"5":{"start":{"line":66,"column":22},"end":{"line":66,"column":65}},"6":{"start":{"line":68,"column":2},"end":{"line":68,"column":15}}},"fnMap":{"0":{"name":"(anonymous_0)","decl":{"start":{"line":3,"column":17},"end":{"line":3,"column":18}},"loc":{"start":{"line":3,"column":43},"end":{"line":69,"column":1}},"line":3},"1":{"name":"(anonymous_1)","decl":{"start":{"line":65,"column":10},"end":{"line":65,"column":11}},"loc":{"start":{"line":65,"column":16},"end":{"line":65,"column":75}},"line":65},"2":{"name":"(anonymous_2)","decl":{"start":{"line":66,"column":11},"end":{"line":66,"column":12}},"loc":{"start":{"line":66,"column":22},"end":{"line":66,"column":65}},"line":66}},"branchMap":{},"s":{"0":7,"1":7,"2":7,"3":7,"4":7,"5":0,"6":7},"f":{"0":7,"1":7,"2":0},"b":{},"_coverageSchema":"1a1c01bbd47fc00a2c39e90264f33305004495a9","hash":"dca80b1629532b15528f66967841b03dd81f81bb"}
,"D:\\University Work\\Year 4, Term 1\\Research Project in Software Engineering 2\\Dicedreams-deploy-to-render2\\Dicedreams-Backend\\src\\models\\user.js": {"path":"D:\\University Work\\Year 4, Term 1\\Research Project in Software Engineering 2\\Dicedreams-deploy-to-render2\\Dicedreams-Backend\\src\\models\\user.js","statementMap":{"0":{"start":{"line":1,"column":22},"end":{"line":1,"column":42}},"1":{"start":{"line":2,"column":11},"end":{"line":2,"column":29}},"2":{"start":{"line":4,"column":0},"end":{"line":73,"column":2}},"3":{"start":{"line":5,"column":15},"end":{"line":65,"column":3}},"4":{"start":{"line":67,"column":2},"end":{"line":70,"column":77}},"5":{"start":{"line":69,"column":16},"end":{"line":69,"column":75}},"6":{"start":{"line":70,"column":22},"end":{"line":70,"column":75}},"7":{"start":{"line":72,"column":2},"end":{"line":72,"column":14}}},"fnMap":{"0":{"name":"(anonymous_0)","decl":{"start":{"line":4,"column":17},"end":{"line":4,"column":18}},"loc":{"start":{"line":4,"column":43},"end":{"line":73,"column":1}},"line":4},"1":{"name":"(anonymous_1)","decl":{"start":{"line":69,"column":10},"end":{"line":69,"column":11}},"loc":{"start":{"line":69,"column":16},"end":{"line":69,"column":75}},"line":69},"2":{"name":"(anonymous_2)","decl":{"start":{"line":70,"column":11},"end":{"line":70,"column":12}},"loc":{"start":{"line":70,"column":22},"end":{"line":70,"column":75}},"line":70}},"branchMap":{},"s":{"0":7,"1":7,"2":7,"3":7,"4":7,"5":7,"6":0,"7":7},"f":{"0":7,"1":7,"2":0},"b":{},"_coverageSchema":"1a1c01bbd47fc00a2c39e90264f33305004495a9","hash":"737a62d0d2a4d940b89d1ce816edefeab40b0013"}
,"D:\\University Work\\Year 4, Term 1\\Research Project in Software Engineering 2\\Dicedreams-deploy-to-render2\\Dicedreams-Backend\\src\\routers\\auth.js": {"path":"D:\\University Work\\Year 4, Term 1\\Research Project in Software Engineering 2\\Dicedreams-deploy-to-render2\\Dicedreams-Backend\\src\\routers\\auth.js","statementMap":{"0":{"start":{"line":1,"column":16},"end":{"line":1,"column":34}},"1":{"start":{"line":2,"column":15},"end":{"line":2,"column":31}},"2":{"start":{"line":3,"column":15},"end":{"line":3,"column":34}},"3":{"start":{"line":4,"column":12},"end":{"line":4,"column":35}},"4":{"start":{"line":5,"column":15},"end":{"line":5,"column":48}},"5":{"start":{"line":6,"column":11},"end":{"line":6,"column":31}},"6":{"start":{"line":7,"column":13},"end":{"line":7,"column":20}},"7":{"start":{"line":8,"column":14},"end":{"line":8,"column":22}},"8":{"start":{"line":61,"column":0},"end":{"line":112,"column":3}},"9":{"start":{"line":62,"column":35},"end":{"line":62,"column":43}},"10":{"start":{"line":64,"column":2},"end":{"line":111,"column":3}},"11":{"start":{"line":65,"column":17},"end":{"line":75,"column":6}},"12":{"start":{"line":77,"column":4},"end":{"line":79,"column":5}},"13":{"start":{"line":78,"column":6},"end":{"line":78,"column":65}},"14":{"start":{"line":81,"column":20},"end":{"line":81,"column":65}},"15":{"start":{"line":82,"column":4},"end":{"line":84,"column":5}},"16":{"start":{"line":83,"column":6},"end":{"line":83,"column":71}},"17":{"start":{"line":86,"column":18},"end":{"line":93,"column":5}},"18":{"start":{"line":95,"column":4},"end":{"line":98,"column":7}},"19":{"start":{"line":99,"column":4},"end":{"line":99,"column":37}},"20":{"start":{"line":101,"column":23},"end":{"line":101,"column":40}},"21":{"start":{"line":103,"column":4},"end":{"line":107,"column":7}},"22":{"start":{"line":109,"column":4},"end":{"line":109,"column":44}},"23":{"start":{"line":110,"column":4},"end":{"line":110,"column":54}},"24":{"start":{"line":114,"column":0},"end":{"line":114,"column":24}}},"fnMap":{"0":{"name":"(anonymous_0)","decl":{"start":{"line":61,"column":17},"end":{"line":61,"column":18}},"loc":{"start":{"line":61,"column":37},"end":{"line":112,"column":1}},"line":61}},"branchMap":{"0":{"loc":{"start":{"line":77,"column":4},"end":{"line":79,"column":5}},"type":"if","locations":[{"start":{"line":77,"column":4},"end":{"line":79,"column":5}},{"start":{},"end":{}}],"line":77},"1":{"loc":{"start":{"line":82,"column":4},"end":{"line":84,"column":5}},"type":"if","locations":[{"start":{"line":82,"column":4},"end":{"line":84,"column":5}},{"start":{},"end":{}}],"line":82}},"s":{"0":7,"1":7,"2":7,"3":7,"4":7,"5":7,"6":7,"7":7,"8":7,"9":0,"10":0,"11":0,"12":0,"13":0,"14":0,"15":0,"16":0,"17":0,"18":0,"19":0,"20":0,"21":0,"22":0,"23":0,"24":7},"f":{"0":0},"b":{"0":[0,0],"1":[0,0]},"_coverageSchema":"1a1c01bbd47fc00a2c39e90264f33305004495a9","hash":"40f70d475315218c62b607dfd6ff53d58b6a1574"}
,"D:\\University Work\\Year 4, Term 1\\Research Project in Software Engineering 2\\Dicedreams-deploy-to-render2\\Dicedreams-Backend\\src\\routers\\chat.js": {"path":"D:\\University Work\\Year 4, Term 1\\Research Project in Software Engineering 2\\Dicedreams-deploy-to-render2\\Dicedreams-Backend\\src\\routers\\chat.js","statementMap":{"0":{"start":{"line":1,"column":16},"end":{"line":1,"column":34}},"1":{"start":{"line":2,"column":15},"end":{"line":2,"column":31}},"2":{"start":{"line":3,"column":23},"end":{"line":3,"column":63}},"3":{"start":{"line":4,"column":23},"end":{"line":4,"column":62}},"4":{"start":{"line":5,"column":20},"end":{"line":5,"column":56}},"5":{"start":{"line":50,"column":0},"end":{"line":50,"column":40}},"6":{"start":{"line":84,"column":0},"end":{"line":84,"column":40}},"7":{"start":{"line":125,"column":0},"end":{"line":125,"column":43}},"8":{"start":{"line":166,"column":0},"end":{"line":166,"column":42}},"9":{"start":{"line":191,"column":0},"end":{"line":191,"column":45}},"10":{"start":{"line":207,"column":0},"end":{"line":207,"column":45}},"11":{"start":{"line":248,"column":0},"end":{"line":248,"column":61}},"12":{"start":{"line":290,"column":0},"end":{"line":290,"column":59}},"13":{"start":{"line":292,"column":0},"end":{"line":292,"column":24}}},"fnMap":{},"branchMap":{},"s":{"0":7,"1":7,"2":7,"3":7,"4":7,"5":7,"6":7,"7":7,"8":7,"9":7,"10":7,"11":7,"12":7,"13":7},"f":{},"b":{},"_coverageSchema":"1a1c01bbd47fc00a2c39e90264f33305004495a9","hash":"dd7bc14539f6782f430d9e66fe5cf1db9baafa7e"}
,"D:\\University Work\\Year 4, Term 1\\Research Project in Software Engineering 2\\Dicedreams-deploy-to-render2\\Dicedreams-Backend\\src\\routers\\notification.js": {"path":"D:\\University Work\\Year 4, Term 1\\Research Project in Software Engineering 2\\Dicedreams-deploy-to-render2\\Dicedreams-Backend\\src\\routers\\notification.js","statementMap":{"0":{"start":{"line":1,"column":16},"end":{"line":1,"column":34}},"1":{"start":{"line":2,"column":15},"end":{"line":2,"column":31}},"2":{"start":{"line":3,"column":31},"end":{"line":3,"column":79}},"3":{"start":{"line":4,"column":23},"end":{"line":4,"column":62}},"4":{"start":{"line":5,"column":20},"end":{"line":5,"column":56}},"5":{"start":{"line":47,"column":0},"end":{"line":47,"column":48}},"6":{"start":{"line":79,"column":0},"end":{"line":79,"column":47}},"7":{"start":{"line":95,"column":0},"end":{"line":95,"column":70}},"8":{"start":{"line":97,"column":0},"end":{"line":97,"column":24}}},"fnMap":{},"branchMap":{},"s":{"0":7,"1":7,"2":7,"3":7,"4":7,"5":7,"6":7,"7":7,"8":7},"f":{},"b":{},"_coverageSchema":"1a1c01bbd47fc00a2c39e90264f33305004495a9","hash":"7a6dd8b30354672c29a753b326217ccbbc8f0799"}
,"D:\\University Work\\Year 4, Term 1\\Research Project in Software Engineering 2\\Dicedreams-deploy-to-render2\\Dicedreams-Backend\\src\\routers\\participate.js": {"path":"D:\\University Work\\Year 4, Term 1\\Research Project in Software Engineering 2\\Dicedreams-deploy-to-render2\\Dicedreams-Backend\\src\\routers\\participate.js","statementMap":{"0":{"start":{"line":1,"column":16},"end":{"line":1,"column":34}},"1":{"start":{"line":2,"column":15},"end":{"line":2,"column":31}},"2":{"start":{"line":3,"column":30},"end":{"line":3,"column":77}},"3":{"start":{"line":4,"column":23},"end":{"line":4,"column":62}},"4":{"start":{"line":5,"column":20},"end":{"line":5,"column":56}},"5":{"start":{"line":50,"column":0},"end":{"line":50,"column":47}},"6":{"start":{"line":68,"column":0},"end":{"line":68,"column":47}},"7":{"start":{"line":116,"column":0},"end":{"line":116,"column":50}},"8":{"start":{"line":164,"column":0},"end":{"line":164,"column":68}},"9":{"start":{"line":212,"column":0},"end":{"line":212,"column":67}},"10":{"start":{"line":260,"column":0},"end":{"line":260,"column":49}},"11":{"start":{"line":286,"column":0},"end":{"line":286,"column":52}},"12":{"start":{"line":302,"column":0},"end":{"line":302,"column":52}},"13":{"start":{"line":304,"column":0},"end":{"line":304,"column":24}}},"fnMap":{},"branchMap":{},"s":{"0":7,"1":7,"2":7,"3":7,"4":7,"5":7,"6":7,"7":7,"8":7,"9":7,"10":7,"11":7,"12":7,"13":7},"f":{},"b":{},"_coverageSchema":"1a1c01bbd47fc00a2c39e90264f33305004495a9","hash":"6e70d544aa94cd874db4a42fb0fd11848e7603f2"}
,"D:\\University Work\\Year 4, Term 1\\Research Project in Software Engineering 2\\Dicedreams-deploy-to-render2\\Dicedreams-Backend\\src\\routers\\postActivity.js": {"path":"D:\\University Work\\Year 4, Term 1\\Research Project in Software Engineering 2\\Dicedreams-deploy-to-render2\\Dicedreams-Backend\\src\\routers\\postActivity.js","statementMap":{"0":{"start":{"line":1,"column":16},"end":{"line":1,"column":34}},"1":{"start":{"line":2,"column":15},"end":{"line":2,"column":31}},"2":{"start":{"line":3,"column":31},"end":{"line":3,"column":79}},"3":{"start":{"line":4,"column":23},"end":{"line":4,"column":62}},"4":{"start":{"line":5,"column":20},"end":{"line":5,"column":56}},"5":{"start":{"line":64,"column":0},"end":{"line":64,"column":48}},"6":{"start":{"line":131,"column":0},"end":{"line":131,"column":48}},"7":{"start":{"line":198,"column":0},"end":{"line":198,"column":69}},"8":{"start":{"line":256,"column":0},"end":{"line":256,"column":51}},"9":{"start":{"line":315,"column":0},"end":{"line":315,"column":50}},"10":{"start":{"line":341,"column":0},"end":{"line":341,"column":53}},"11":{"start":{"line":365,"column":0},"end":{"line":365,"column":53}},"12":{"start":{"line":423,"column":0},"end":{"line":423,"column":72}},"13":{"start":{"line":425,"column":0},"end":{"line":425,"column":24}}},"fnMap":{},"branchMap":{},"s":{"0":7,"1":7,"2":7,"3":7,"4":7,"5":7,"6":7,"7":7,"8":7,"9":7,"10":7,"11":7,"12":7,"13":7},"f":{},"b":{},"_coverageSchema":"1a1c01bbd47fc00a2c39e90264f33305004495a9","hash":"5044afed3eeb69e52c5170ee0b194cca5eaccb49"}
,"D:\\University Work\\Year 4, Term 1\\Research Project in Software Engineering 2\\Dicedreams-deploy-to-render2\\Dicedreams-Backend\\src\\routers\\postGame.js": {"path":"D:\\University Work\\Year 4, Term 1\\Research Project in Software Engineering 2\\Dicedreams-deploy-to-render2\\Dicedreams-Backend\\src\\routers\\postGame.js","statementMap":{"0":{"start":{"line":1,"column":16},"end":{"line":1,"column":34}},"1":{"start":{"line":2,"column":15},"end":{"line":2,"column":31}},"2":{"start":{"line":3,"column":27},"end":{"line":3,"column":71}},"3":{"start":{"line":4,"column":23},"end":{"line":4,"column":62}},"4":{"start":{"line":5,"column":20},"end":{"line":5,"column":56}},"5":{"start":{"line":67,"column":0},"end":{"line":67,"column":44}},"6":{"start":{"line":142,"column":0},"end":{"line":142,"column":44}},"7":{"start":{"line":217,"column":0},"end":{"line":217,"column":60}},"8":{"start":{"line":277,"column":0},"end":{"line":277,"column":65}},"9":{"start":{"line":337,"column":0},"end":{"line":337,"column":47}},"10":{"start":{"line":395,"column":0},"end":{"line":395,"column":46}},"11":{"start":{"line":421,"column":0},"end":{"line":421,"column":49}},"12":{"start":{"line":437,"column":0},"end":{"line":437,"column":49}},"13":{"start":{"line":439,"column":0},"end":{"line":439,"column":24}}},"fnMap":{},"branchMap":{},"s":{"0":7,"1":7,"2":7,"3":7,"4":7,"5":7,"6":7,"7":7,"8":7,"9":7,"10":7,"11":7,"12":7,"13":7},"f":{},"b":{},"_coverageSchema":"1a1c01bbd47fc00a2c39e90264f33305004495a9","hash":"69003701540e9f5b25622b4c63a22e32090d13c4"}
,"D:\\University Work\\Year 4, Term 1\\Research Project in Software Engineering 2\\Dicedreams-deploy-to-render2\\Dicedreams-Backend\\src\\routers\\store.js": {"path":"D:\\University Work\\Year 4, Term 1\\Research Project in Software Engineering 2\\Dicedreams-deploy-to-render2\\Dicedreams-Backend\\src\\routers\\store.js","statementMap":{"0":{"start":{"line":1,"column":16},"end":{"line":1,"column":34}},"1":{"start":{"line":2,"column":15},"end":{"line":2,"column":31}},"2":{"start":{"line":3,"column":24},"end":{"line":3,"column":65}},"3":{"start":{"line":4,"column":23},"end":{"line":4,"column":62}},"4":{"start":{"line":5,"column":20},"end":{"line":5,"column":56}},"5":{"start":{"line":67,"column":0},"end":{"line":67,"column":41}},"6":{"start":{"line":112,"column":0},"end":{"line":112,"column":41}},"7":{"start":{"line":169,"column":0},"end":{"line":169,"column":44}},"8":{"start":{"line":226,"column":0},"end":{"line":226,"column":57}},"9":{"start":{"line":292,"column":0},"end":{"line":292,"column":43}},"10":{"start":{"line":318,"column":0},"end":{"line":318,"column":46}},"11":{"start":{"line":334,"column":0},"end":{"line":334,"column":46}},"12":{"start":{"line":336,"column":0},"end":{"line":336,"column":24}}},"fnMap":{},"branchMap":{},"s":{"0":7,"1":7,"2":7,"3":7,"4":7,"5":7,"6":7,"7":7,"8":7,"9":7,"10":7,"11":7,"12":7},"f":{},"b":{},"_coverageSchema":"1a1c01bbd47fc00a2c39e90264f33305004495a9","hash":"0255a0b47310ee308df514b97b1c3b2197bc77d7"}
,"D:\\University Work\\Year 4, Term 1\\Research Project in Software Engineering 2\\Dicedreams-deploy-to-render2\\Dicedreams-Backend\\src\\routers\\users.js": {"path":"D:\\University Work\\Year 4, Term 1\\Research Project in Software Engineering 2\\Dicedreams-deploy-to-render2\\Dicedreams-Backend\\src\\routers\\users.js","statementMap":{"0":{"start":{"line":1,"column":16},"end":{"line":1,"column":34}},"1":{"start":{"line":2,"column":15},"end":{"line":2,"column":31}},"2":{"start":{"line":3,"column":23},"end":{"line":3,"column":63}},"3":{"start":{"line":4,"column":20},"end":{"line":4,"column":56}},"4":{"start":{"line":5,"column":23},"end":{"line":5,"column":62}},"5":{"start":{"line":63,"column":0},"end":{"line":63,"column":40}},"6":{"start":{"line":103,"column":0},"end":{"line":103,"column":40}},"7":{"start":{"line":155,"column":0},"end":{"line":155,"column":43}},"8":{"start":{"line":227,"column":0},"end":{"line":227,"column":42}},"9":{"start":{"line":253,"column":0},"end":{"line":253,"column":45}},"10":{"start":{"line":269,"column":0},"end":{"line":269,"column":45}},"11":{"start":{"line":271,"column":0},"end":{"line":271,"column":24}}},"fnMap":{},"branchMap":{},"s":{"0":7,"1":7,"2":7,"3":7,"4":7,"5":7,"6":7,"7":7,"8":7,"9":7,"10":7,"11":7},"f":{},"b":{},"_coverageSchema":"1a1c01bbd47fc00a2c39e90264f33305004495a9","hash":"575817bbd7c7a64ecdf25cd53d3ddb6f5f5bbf2a"}
,"D:\\University Work\\Year 4, Term 1\\Research Project in Software Engineering 2\\Dicedreams-deploy-to-render2\\Dicedreams-Backend\\src\\utils\\generateRandomId.js": {"path":"D:\\University Work\\Year 4, Term 1\\Research Project in Software Engineering 2\\Dicedreams-deploy-to-render2\\Dicedreams-Backend\\src\\utils\\generateRandomId.js","statementMap":{"0":{"start":{"line":1,"column":23},"end":{"line":1,"column":38}},"1":{"start":{"line":3,"column":25},"end":{"line":5,"column":1}},"2":{"start":{"line":4,"column":2},"end":{"line":4,"column":38}},"3":{"start":{"line":7,"column":0},"end":{"line":7,"column":38}}},"fnMap":{"0":{"name":"(anonymous_0)","decl":{"start":{"line":3,"column":25},"end":{"line":3,"column":26}},"loc":{"start":{"line":3,"column":31},"end":{"line":5,"column":1}},"line":3}},"branchMap":{},"s":{"0":7,"1":7,"2":2,"3":7},"f":{"0":2},"b":{},"_coverageSchema":"1a1c01bbd47fc00a2c39e90264f33305004495a9","hash":"6cb7a250814a00d148e7e02f5981a52a6f626414"}
}
