TN:
SF:src\server.js
FN:26,(anonymous_0)
FN:27,(anonymous_1)
FN:35,(anonymous_2)
FN:37,(anonymous_3)
FN:63,(anonymous_4)
FN:67,(anonymous_5)
FN:84,(anonymous_6)
FN:96,(anonymous_7)
FNF:8
FNH:2
FNDA:1,(anonymous_0)
FNDA:6,(anonymous_1)
FNDA:0,(anonymous_2)
FNDA:0,(anonymous_3)
FNDA:0,(anonymous_4)
FNDA:0,(anonymous_5)
FNDA:0,(anonymous_6)
FNDA:0,(anonymous_7)
DA:1,7
DA:2,7
DA:3,7
DA:5,7
DA:6,7
DA:7,7
DA:8,7
DA:9,7
DA:11,7
DA:12,7
DA:13,7
DA:14,7
DA:15,7
DA:16,7
DA:17,7
DA:18,7
DA:19,7
DA:22,7
DA:25,7
DA:26,1
DA:27,6
DA:29,7
DA:31,7
DA:32,7
DA:33,7
DA:35,7
DA:36,0
DA:37,0
DA:38,0
DA:43,7
DA:47,7
DA:50,7
DA:51,7
DA:55,7
DA:56,7
DA:60,7
DA:63,7
DA:64,0
DA:67,7
DA:68,0
DA:72,7
DA:74,7
DA:75,7
DA:76,7
DA:77,7
DA:78,7
DA:79,7
DA:80,7
DA:81,7
DA:84,7
DA:85,0
DA:86,0
DA:90,7
DA:92,7
DA:93,7
DA:95,7
DA:96,0
DA:97,0
DA:98,0
DA:99,0
DA:100,0
DA:105,7
LF:62
LH:50
BRDA:92,0,0,7
BRDA:92,0,1,0
BRDA:95,1,0,0
BRDA:95,1,1,7
BRF:4
BRH:2
end_of_record
TN:
SF:src\configs\auth.config.js
FNF:0
FNH:0
DA:1,7
DA:3,7
LF:2
LH:2
BRF:0
BRH:0
end_of_record
TN:
SF:src\configs\db.config.js
FNF:0
FNH:0
DA:1,7
DA:2,7
DA:4,7
LF:3
LH:3
BRF:0
BRH:0
end_of_record
TN:
SF:src\configs\swaggerConfig.js
FNF:0
FNH:0
DA:1,7
DA:2,7
DA:3,7
DA:5,7
DA:46,7
DA:48,7
LF:6
LH:6
BRF:0
BRH:0
end_of_record
TN:
SF:src\controllers\chatController.js
FN:6,(anonymous_0)
FN:78,(anonymous_1)
FN:82,(anonymous_2)
FN:85,(anonymous_3)
FN:94,(anonymous_4)
FN:98,(anonymous_5)
FN:101,(anonymous_6)
FN:109,(anonymous_7)
FN:177,(anonymous_8)
FN:199,(anonymous_9)
FN:212,(anonymous_10)
FN:218,(anonymous_11)
FN:221,(anonymous_12)
FN:230,(anonymous_13)
FN:244,(anonymous_14)
FN:247,(anonymous_15)
FNF:16
FNH:7
FNDA:1,(anonymous_0)
FNDA:1,(anonymous_1)
FNDA:1,(anonymous_2)
FNDA:0,(anonymous_3)
FNDA:1,(anonymous_4)
FNDA:1,(anonymous_5)
FNDA:0,(anonymous_6)
FNDA:1,(anonymous_7)
FNDA:1,(anonymous_8)
FNDA:0,(anonymous_9)
FNDA:0,(anonymous_10)
FNDA:0,(anonymous_11)
FNDA:0,(anonymous_12)
FNDA:0,(anonymous_13)
FNDA:0,(anonymous_14)
FNDA:0,(anonymous_15)
DA:1,7
DA:2,7
DA:3,7
DA:6,7
DA:7,1
DA:8,1
DA:9,0
DA:12,0
DA:15,1
DA:22,1
DA:24,1
DA:25,1
DA:32,1
DA:34,1
DA:36,1
DA:39,1
DA:40,7
DA:41,5
DA:44,5
DA:52,2
DA:53,2
DA:54,2
DA:65,1
DA:69,1
DA:73,0
DA:78,7
DA:79,1
DA:83,1
DA:86,0
DA:94,7
DA:95,1
DA:97,1
DA:99,1
DA:102,0
DA:109,7
DA:110,1
DA:112,1
DA:113,1
DA:116,1
DA:118,1
DA:120,1
DA:127,1
DA:129,1
DA:131,1
DA:134,1
DA:135,4
DA:136,0
DA:139,0
DA:147,4
DA:148,4
DA:149,4
DA:159,1
DA:163,1
DA:167,0
DA:172,0
DA:177,7
DA:178,1
DA:180,1
DA:181,1
DA:184,1
DA:185,1
DA:189,0
DA:194,0
DA:199,7
DA:200,0
DA:201,0
DA:205,0
DA:207,0
DA:212,7
DA:213,0
DA:214,0
DA:219,0
DA:222,0
DA:230,7
DA:231,0
DA:233,0
DA:245,0
DA:248,0
LF:78
LH:55
BRDA:8,0,0,0
BRDA:8,0,1,1
BRDA:40,1,0,5
BRDA:40,1,1,2
BRDA:52,2,0,2
BRDA:52,2,1,0
BRDA:88,3,0,0
BRDA:88,3,1,0
BRDA:116,4,0,1
BRDA:116,4,1,0
BRDA:135,5,0,0
BRDA:135,5,1,4
BRDA:147,6,0,4
BRDA:147,6,1,0
BRDA:184,7,0,1
BRDA:184,7,1,0
BRDA:224,8,0,0
BRDA:224,8,1,0
BRDA:249,9,0,0
BRDA:249,9,1,0
BRF:20
BRH:8
end_of_record
TN:
SF:src\controllers\notificationController.js
FN:14,(anonymous_0)
FN:87,(anonymous_1)
FN:109,(anonymous_2)
FNF:3
FNH:2
FNDA:1,(anonymous_0)
FNDA:1,(anonymous_1)
FNDA:0,(anonymous_2)
DA:1,7
DA:2,7
DA:3,7
DA:4,7
DA:5,7
DA:6,7
DA:9,7
DA:10,7
DA:11,7
DA:14,7
DA:15,1
DA:16,1
DA:17,1
DA:22,0
DA:23,0
DA:24,0
DA:45,0
DA:46,0
DA:53,0
DA:79,0
DA:81,1
DA:82,1
DA:87,7
DA:88,1
DA:89,1
DA:91,1
DA:92,1
DA:100,1
DA:102,0
DA:104,1
DA:109,7
DA:110,0
DA:111,0
DA:118,0
DA:120,0
DA:122,0
LF:36
LH:23
BRDA:23,0,0,0
BRDA:23,0,1,0
BRDA:45,1,0,0
BRDA:45,1,1,0
BRDA:45,2,0,0
BRDA:45,2,1,0
BRDA:45,2,2,0
BRF:7
BRH:0
end_of_record
TN:
SF:src\controllers\participateController.js
FN:8,(anonymous_0)
FN:100,(anonymous_1)
FN:110,(anonymous_2)
FN:113,(anonymous_3)
FN:122,(anonymous_4)
FN:126,(anonymous_5)
FN:129,(anonymous_6)
FN:137,(anonymous_7)
FN:211,(anonymous_8)
FN:233,(anonymous_9)
FN:248,(anonymous_10)
FN:263,(anonymous_11)
FNF:12
FNH:5
FNDA:1,(anonymous_0)
FNDA:1,(anonymous_1)
FNDA:1,(anonymous_2)
FNDA:0,(anonymous_3)
FNDA:0,(anonymous_4)
FNDA:0,(anonymous_5)
FNDA:0,(anonymous_6)
FNDA:1,(anonymous_7)
FNDA:1,(anonymous_8)
FNDA:0,(anonymous_9)
FNDA:0,(anonymous_10)
FNDA:0,(anonymous_11)
DA:3,7
DA:4,7
DA:5,7
DA:8,7
DA:9,1
DA:11,1
DA:12,0
DA:15,0
DA:19,1
DA:20,1
DA:21,1
DA:24,1
DA:25,1
DA:28,1
DA:32,0
DA:40,0
DA:43,0
DA:46,0
DA:53,0
DA:55,0
DA:58,0
DA:61,0
DA:62,0
DA:63,0
DA:66,0
DA:74,0
DA:75,0
DA:76,0
DA:87,0
DA:91,0
DA:95,0
DA:100,7
DA:101,1
DA:111,1
DA:114,0
DA:122,7
DA:123,0
DA:125,0
DA:127,0
DA:130,0
DA:137,7
DA:138,1
DA:140,1
DA:142,1
DA:146,1
DA:148,1
DA:151,1
DA:158,1
DA:160,1
DA:163,1
DA:166,1
DA:167,1
DA:168,1
DA:171,1
DA:179,0
DA:180,0
DA:181,0
DA:194,1
DA:197,1
DA:201,0
DA:206,0
DA:211,7
DA:212,1
DA:214,1
DA:215,1
DA:218,1
DA:219,1
DA:223,0
DA:228,0
DA:233,7
DA:234,0
DA:235,0
DA:239,0
DA:243,0
DA:248,7
DA:249,0
DA:250,0
DA:251,0
DA:256,0
DA:258,0
DA:263,7
DA:264,0
DA:265,0
DA:266,0
DA:270,0
DA:272,0
LF:86
LH:41
BRDA:11,0,0,0
BRDA:11,0,1,1
BRDA:24,1,0,1
BRDA:24,1,1,0
BRDA:62,2,0,0
BRDA:62,2,1,0
BRDA:74,3,0,0
BRDA:74,3,1,0
BRDA:116,4,0,0
BRDA:116,4,1,0
BRDA:146,5,0,1
BRDA:146,5,1,0
BRDA:167,6,0,1
BRDA:167,6,1,0
BRDA:179,7,0,0
BRDA:179,7,1,0
BRDA:218,8,0,1
BRDA:218,8,1,0
BRF:18
BRH:5
end_of_record
TN:
SF:src\controllers\postActivityController.js
FN:13,(anonymous_0)
FN:53,(anonymous_1)
FN:87,(anonymous_2)
FN:94,(anonymous_3)
FN:96,(anonymous_4)
FN:105,(anonymous_5)
FN:113,(anonymous_6)
FN:130,(anonymous_7)
FN:163,(anonymous_8)
FN:170,(anonymous_9)
FN:172,(anonymous_10)
FN:180,(anonymous_11)
FN:188,(anonymous_12)
FN:206,(anonymous_13)
FN:220,(anonymous_14)
FN:235,(anonymous_15)
FN:248,(anonymous_16)
FN:260,(anonymous_17)
FN:284,(anonymous_18)
FN:291,(anonymous_19)
FN:317,(anonymous_20)
FN:326,(anonymous_21)
FN:346,saveImageToDisk
FN:370,decodeBase64Image
FNF:24
FNH:6
FNDA:1,(anonymous_0)
FNDA:1,(anonymous_1)
FNDA:0,(anonymous_2)
FNDA:0,(anonymous_3)
FNDA:0,(anonymous_4)
FNDA:0,(anonymous_5)
FNDA:18,(anonymous_6)
FNDA:0,(anonymous_7)
FNDA:0,(anonymous_8)
FNDA:0,(anonymous_9)
FNDA:0,(anonymous_10)
FNDA:0,(anonymous_11)
FNDA:0,(anonymous_12)
FNDA:0,(anonymous_13)
FNDA:0,(anonymous_14)
FNDA:0,(anonymous_15)
FNDA:1,(anonymous_16)
FNDA:0,(anonymous_17)
FNDA:1,(anonymous_18)
FNDA:1,(anonymous_19)
FNDA:0,(anonymous_20)
FNDA:0,(anonymous_21)
FNDA:0,saveImageToDisk
FNDA:0,decodeBase64Image
DA:1,7
DA:2,7
DA:3,7
DA:4,7
DA:5,7
DA:6,7
DA:7,7
DA:8,7
DA:9,7
DA:11,7
DA:13,7
DA:14,1
DA:24,1
DA:28,1
DA:29,1
DA:30,0
DA:32,1
DA:36,1
DA:46,1
DA:47,1
DA:49,0
DA:53,7
DA:54,1
DA:55,1
DA:56,1
DA:58,1
DA:62,1
DA:63,0
DA:66,0
DA:74,1
DA:84,1
DA:86,1
DA:87,0
DA:88,0
DA:93,0
DA:94,0
DA:95,0
DA:96,0
DA:99,0
DA:102,1
DA:103,0
DA:104,0
DA:106,0
DA:107,0
DA:108,0
DA:113,1
DA:114,18
DA:115,16
DA:121,1
DA:123,0
DA:130,7
DA:131,0
DA:133,0
DA:137,0
DA:138,0
DA:141,0
DA:146,0
DA:147,0
DA:152,0
DA:153,0
DA:162,0
DA:163,0
DA:164,0
DA:169,0
DA:170,0
DA:171,0
DA:172,0
DA:175,0
DA:179,0
DA:180,0
DA:181,0
DA:184,0
DA:185,0
DA:188,0
DA:189,0
DA:190,0
DA:196,0
DA:198,0
DA:206,7
DA:207,0
DA:208,0
DA:209,0
DA:211,0
DA:218,0
DA:220,0
DA:221,0
DA:222,0
DA:228,0
DA:230,0
DA:231,0
DA:235,7
DA:236,0
DA:237,0
DA:238,0
DA:239,0
DA:242,0
DA:244,0
DA:248,7
DA:249,1
DA:250,1
DA:252,1
DA:253,0
DA:254,0
DA:255,0
DA:257,0
DA:258,0
DA:261,0
DA:266,0
DA:271,1
DA:273,1
DA:278,1
DA:280,0
DA:284,7
DA:285,1
DA:286,1
DA:287,1
DA:289,1
DA:290,1
DA:291,1
DA:292,1
DA:296,1
DA:302,1
DA:303,1
DA:308,0
DA:313,0
DA:317,7
DA:318,0
DA:319,0
DA:321,0
DA:322,0
DA:323,0
DA:324,0
DA:327,0
DA:333,0
DA:338,0
DA:342,0
DA:347,0
DA:349,0
DA:351,0
DA:356,0
DA:357,0
DA:358,0
DA:360,0
DA:363,0
DA:365,0
DA:367,0
DA:371,0
DA:372,0
DA:373,0
DA:374,0
DA:377,0
DA:378,0
DA:380,0
LF:153
LH:55
BRDA:28,0,0,1
BRDA:28,0,1,0
BRDA:29,1,0,0
BRDA:29,1,1,1
BRDA:62,2,0,0
BRDA:62,2,1,1
BRDA:86,3,0,0
BRDA:86,3,1,1
BRDA:102,4,0,0
BRDA:102,4,1,1
BRDA:114,5,0,16
BRDA:114,5,1,2
BRDA:125,6,0,0
BRDA:125,6,1,0
BRDA:137,7,0,0
BRDA:137,7,1,0
BRDA:146,8,0,0
BRDA:146,8,1,0
BRDA:162,9,0,0
BRDA:162,9,1,0
BRDA:185,10,0,0
BRDA:185,10,1,0
BRDA:189,11,0,0
BRDA:189,11,1,0
BRDA:200,12,0,0
BRDA:200,12,1,0
BRDA:221,13,0,0
BRDA:221,13,1,0
BRDA:252,14,0,0
BRDA:252,14,1,1
BRDA:253,15,0,0
BRDA:253,15,1,0
BRDA:257,16,0,0
BRDA:257,16,1,0
BRDA:261,17,0,0
BRDA:261,17,1,0
BRDA:289,18,0,1
BRDA:289,18,1,0
BRDA:289,19,0,1
BRDA:289,19,1,1
BRDA:292,20,0,1
BRDA:292,20,1,0
BRDA:302,21,0,1
BRDA:302,21,1,0
BRDA:322,22,0,0
BRDA:322,22,1,0
BRDA:327,23,0,0
BRDA:327,23,1,0
BRDA:357,24,0,0
BRDA:357,24,1,0
BRDA:373,25,0,0
BRDA:373,25,1,0
BRDA:373,26,0,0
BRDA:373,26,1,0
BRF:54
BRH:13
end_of_record
TN:
SF:src\controllers\postGameController.js
FN:15,(anonymous_0)
FN:59,(anonymous_1)
FN:107,(anonymous_2)
FN:109,(anonymous_3)
FN:116,(anonymous_4)
FN:123,(anonymous_5)
FN:125,(anonymous_6)
FN:131,(anonymous_7)
FN:147,(anonymous_8)
FN:186,(anonymous_9)
FN:188,(anonymous_10)
FN:196,(anonymous_11)
FN:203,(anonymous_12)
FN:205,(anonymous_13)
FN:213,(anonymous_14)
FN:219,(anonymous_15)
FN:236,(anonymous_16)
FN:243,(anonymous_17)
FN:244,(anonymous_18)
FN:253,(anonymous_19)
FN:261,(anonymous_20)
FN:265,(anonymous_21)
FN:273,(anonymous_22)
FN:281,(anonymous_23)
FN:291,(anonymous_24)
FN:311,(anonymous_25)
FN:322,(anonymous_26)
FN:330,(anonymous_27)
FN:336,(anonymous_28)
FN:347,(anonymous_29)
FN:355,(anonymous_30)
FN:360,(anonymous_31)
FN:363,(anonymous_32)
FN:370,saveImageToDisk
FN:394,decodeBase64Image
FNF:35
FNH:5
FNDA:1,(anonymous_0)
FNDA:1,(anonymous_1)
FNDA:0,(anonymous_2)
FNDA:0,(anonymous_3)
FNDA:0,(anonymous_4)
FNDA:0,(anonymous_5)
FNDA:0,(anonymous_6)
FNDA:26,(anonymous_7)
FNDA:0,(anonymous_8)
FNDA:0,(anonymous_9)
FNDA:0,(anonymous_10)
FNDA:0,(anonymous_11)
FNDA:0,(anonymous_12)
FNDA:0,(anonymous_13)
FNDA:0,(anonymous_14)
FNDA:0,(anonymous_15)
FNDA:0,(anonymous_16)
FNDA:0,(anonymous_17)
FNDA:0,(anonymous_18)
FNDA:0,(anonymous_19)
FNDA:0,(anonymous_20)
FNDA:0,(anonymous_21)
FNDA:0,(anonymous_22)
FNDA:1,(anonymous_23)
FNDA:0,(anonymous_24)
FNDA:1,(anonymous_25)
FNDA:0,(anonymous_26)
FNDA:0,(anonymous_27)
FNDA:0,(anonymous_28)
FNDA:0,(anonymous_29)
FNDA:0,(anonymous_30)
FNDA:0,(anonymous_31)
FNDA:0,(anonymous_32)
FNDA:0,saveImageToDisk
FNDA:0,decodeBase64Image
DA:1,7
DA:2,7
DA:4,7
DA:5,7
DA:6,7
DA:7,7
DA:8,7
DA:9,7
DA:10,7
DA:12,7
DA:15,7
DA:16,1
DA:18,1
DA:19,0
DA:22,0
DA:27,1
DA:28,1
DA:29,0
DA:31,1
DA:36,1
DA:49,1
DA:50,1
DA:54,0
DA:59,7
DA:61,1
DA:62,1
DA:64,1
DA:68,1
DA:69,0
DA:70,0
DA:78,1
DA:79,0
DA:87,1
DA:88,1
DA:97,1
DA:99,1
DA:100,0
DA:105,0
DA:106,0
DA:107,0
DA:110,0
DA:115,1
DA:116,0
DA:117,0
DA:122,0
DA:123,0
DA:124,0
DA:125,0
DA:128,0
DA:131,1
DA:132,26
DA:133,26
DA:139,1
DA:141,0
DA:147,7
DA:149,0
DA:151,0
DA:155,0
DA:156,0
DA:157,0
DA:162,0
DA:163,0
DA:168,0
DA:169,0
DA:178,0
DA:179,0
DA:184,0
DA:185,0
DA:186,0
DA:189,0
DA:195,0
DA:196,0
DA:197,0
DA:202,0
DA:203,0
DA:204,0
DA:205,0
DA:208,0
DA:212,0
DA:213,0
DA:214,0
DA:215,0
DA:216,0
DA:219,0
DA:220,0
DA:221,0
DA:227,0
DA:229,0
DA:236,7
DA:237,0
DA:239,0
DA:244,0
DA:245,0
DA:246,0
DA:251,0
DA:254,0
DA:261,7
DA:262,0
DA:264,0
DA:266,0
DA:267,0
DA:271,0
DA:274,0
DA:281,7
DA:282,1
DA:285,1
DA:286,1
DA:287,0
DA:288,0
DA:290,0
DA:291,0
DA:292,0
DA:296,0
DA:299,1
DA:306,1
DA:308,1
DA:312,1
DA:313,1
DA:317,0
DA:323,0
DA:330,7
DA:331,0
DA:333,0
DA:337,0
DA:338,0
DA:342,0
DA:348,0
DA:355,7
DA:356,0
DA:361,0
DA:364,0
DA:371,0
DA:373,0
DA:375,0
DA:380,0
DA:381,0
DA:382,0
DA:384,0
DA:387,0
DA:389,0
DA:391,0
DA:395,0
DA:396,0
DA:397,0
DA:398,0
DA:401,0
DA:402,0
DA:404,0
LF:148
LH:48
BRDA:18,0,0,0
BRDA:18,0,1,1
BRDA:27,1,0,1
BRDA:27,1,1,0
BRDA:28,2,0,0
BRDA:28,2,1,1
BRDA:68,3,0,0
BRDA:68,3,1,1
BRDA:78,4,0,0
BRDA:78,4,1,1
BRDA:99,5,0,0
BRDA:99,5,1,1
BRDA:106,6,0,0
BRDA:106,6,1,0
BRDA:115,7,0,0
BRDA:115,7,1,1
BRDA:132,8,0,26
BRDA:132,8,1,0
BRDA:142,9,0,0
BRDA:142,9,1,0
BRDA:155,10,0,0
BRDA:155,10,1,0
BRDA:162,11,0,0
BRDA:162,11,1,0
BRDA:178,12,0,0
BRDA:178,12,1,0
BRDA:185,13,0,0
BRDA:185,13,1,0
BRDA:195,14,0,0
BRDA:195,14,1,0
BRDA:216,15,0,0
BRDA:216,15,1,0
BRDA:220,16,0,0
BRDA:220,16,1,0
BRDA:230,17,0,0
BRDA:230,17,1,0
BRDA:245,18,0,0
BRDA:245,18,1,0
BRDA:255,19,0,0
BRDA:255,19,1,0
BRDA:266,20,0,0
BRDA:266,20,1,0
BRDA:285,21,0,1
BRDA:285,21,1,0
BRDA:286,22,0,0
BRDA:286,22,1,1
BRDA:290,23,0,0
BRDA:290,23,1,0
BRDA:292,24,0,0
BRDA:292,24,1,0
BRDA:312,25,0,1
BRDA:312,25,1,0
BRDA:337,26,0,0
BRDA:337,26,1,0
BRDA:365,27,0,0
BRDA:365,27,1,0
BRDA:381,28,0,0
BRDA:381,28,1,0
BRDA:397,29,0,0
BRDA:397,29,1,0
BRDA:397,30,0,0
BRDA:397,30,1,0
BRF:62
BRH:11
end_of_record
TN:
SF:src\controllers\storeController.js
FN:12,(anonymous_0)
FN:55,(anonymous_1)
FN:59,(anonymous_2)
FN:60,(anonymous_3)
FN:67,(anonymous_4)
FN:75,(anonymous_5)
FN:79,(anonymous_6)
FN:91,(anonymous_7)
FN:100,(anonymous_8)
FN:110,(anonymous_9)
FN:122,(anonymous_10)
FN:133,(anonymous_11)
FN:139,(anonymous_12)
FN:145,(anonymous_13)
FN:156,(anonymous_14)
FN:164,(anonymous_15)
FN:169,(anonymous_16)
FN:174,(anonymous_17)
FN:183,(anonymous_18)
FN:189,(anonymous_19)
FN:190,(anonymous_20)
FN:197,(anonymous_21)
FN:204,saveImageToDisk
FN:228,decodeBase64Image
FNF:24
FNH:8
FNDA:1,(anonymous_0)
FNDA:1,(anonymous_1)
FNDA:1,(anonymous_2)
FNDA:3,(anonymous_3)
FNDA:0,(anonymous_4)
FNDA:0,(anonymous_5)
FNDA:0,(anonymous_6)
FNDA:0,(anonymous_7)
FNDA:1,(anonymous_8)
FNDA:0,(anonymous_9)
FNDA:1,(anonymous_10)
FNDA:0,(anonymous_11)
FNDA:1,(anonymous_12)
FNDA:1,(anonymous_13)
FNDA:0,(anonymous_14)
FNDA:0,(anonymous_15)
FNDA:0,(anonymous_16)
FNDA:0,(anonymous_17)
FNDA:0,(anonymous_18)
FNDA:0,(anonymous_19)
FNDA:0,(anonymous_20)
FNDA:0,(anonymous_21)
FNDA:0,saveImageToDisk
FNDA:0,decodeBase64Image
DA:2,7
DA:3,7
DA:5,7
DA:6,7
DA:7,7
DA:8,7
DA:9,7
DA:12,7
DA:13,1
DA:15,1
DA:16,0
DA:19,0
DA:24,1
DA:25,1
DA:26,0
DA:28,1
DA:33,1
DA:47,1
DA:48,1
DA:50,0
DA:55,7
DA:56,1
DA:60,1
DA:61,3
DA:62,3
DA:65,1
DA:68,0
DA:75,7
DA:76,0
DA:78,0
DA:80,0
DA:81,0
DA:82,0
DA:84,0
DA:86,0
DA:92,0
DA:93,0
DA:100,7
DA:101,1
DA:103,1
DA:105,0
DA:106,0
DA:107,0
DA:109,0
DA:110,0
DA:111,0
DA:115,0
DA:119,1
DA:123,1
DA:124,1
DA:128,0
DA:134,0
DA:139,7
DA:140,1
DA:142,1
DA:146,1
DA:147,1
DA:151,0
DA:157,0
DA:164,7
DA:165,0
DA:170,0
DA:175,0
DA:183,7
DA:184,0
DA:185,0
DA:190,0
DA:191,0
DA:192,0
DA:195,0
DA:198,0
DA:205,0
DA:207,0
DA:209,0
DA:214,0
DA:215,0
DA:216,0
DA:218,0
DA:221,0
DA:223,0
DA:225,0
DA:229,0
DA:230,0
DA:231,0
DA:232,0
DA:235,0
DA:236,0
DA:238,0
LF:88
LH:36
BRDA:15,0,0,0
BRDA:15,0,1,1
BRDA:24,1,0,1
BRDA:24,1,1,0
BRDA:25,2,0,0
BRDA:25,2,1,1
BRDA:61,3,0,3
BRDA:61,3,1,0
BRDA:69,4,0,0
BRDA:69,4,1,0
BRDA:80,5,0,0
BRDA:80,5,1,0
BRDA:81,6,0,0
BRDA:81,6,1,0
BRDA:103,7,0,0
BRDA:103,7,1,1
BRDA:105,8,0,0
BRDA:105,8,1,0
BRDA:109,9,0,0
BRDA:109,9,1,0
BRDA:111,10,0,0
BRDA:111,10,1,0
BRDA:123,11,0,1
BRDA:123,11,1,0
BRDA:146,12,0,1
BRDA:146,12,1,0
BRDA:177,13,0,0
BRDA:177,13,1,0
BRDA:191,14,0,0
BRDA:191,14,1,0
BRDA:215,15,0,0
BRDA:215,15,1,0
BRDA:231,16,0,0
BRDA:231,16,1,0
BRDA:231,17,0,0
BRDA:231,17,1,0
BRF:36
BRH:7
end_of_record
TN:
SF:src\controllers\userController.js
FN:15,(anonymous_0)
FN:84,(anonymous_1)
FN:91,(anonymous_2)
FN:104,(anonymous_3)
FN:111,(anonymous_4)
FN:116,(anonymous_5)
FN:126,(anonymous_6)
FN:136,(anonymous_7)
FN:188,(anonymous_8)
FN:195,(anonymous_9)
FN:206,(anonymous_10)
FN:216,(anonymous_11)
FN:220,saveImageToDisk
FN:244,decodeBase64Image
FNF:14
FNH:6
FNDA:2,(anonymous_0)
FNDA:1,(anonymous_1)
FNDA:38,(anonymous_2)
FNDA:0,(anonymous_3)
FNDA:0,(anonymous_4)
FNDA:0,(anonymous_5)
FNDA:1,(anonymous_6)
FNDA:0,(anonymous_7)
FNDA:1,(anonymous_8)
FNDA:1,(anonymous_9)
FNDA:0,(anonymous_10)
FNDA:0,(anonymous_11)
FNDA:0,saveImageToDisk
FNDA:0,decodeBase64Image
DA:1,7
DA:2,7
DA:3,7
DA:5,7
DA:6,7
DA:7,7
DA:8,7
DA:9,7
DA:10,7
DA:11,7
DA:13,7
DA:15,7
DA:16,2
DA:18,2
DA:19,0
DA:22,0
DA:25,2
DA:26,2
DA:27,0
DA:30,0
DA:34,2
DA:35,2
DA:39,2
DA:40,1
DA:41,0
DA:43,1
DA:48,2
DA:60,2
DA:62,2
DA:66,0
DA:67,0
DA:74,0
DA:84,7
DA:85,1
DA:86,1
DA:91,1
DA:92,38
DA:98,1
DA:100,0
DA:104,7
DA:105,0
DA:106,0
DA:108,0
DA:112,0
DA:114,0
DA:117,0
DA:122,0
DA:126,7
DA:127,1
DA:128,1
DA:131,1
DA:132,0
DA:133,0
DA:134,0
DA:136,0
DA:137,0
DA:140,0
DA:144,1
DA:145,0
DA:146,0
DA:147,0
DA:150,0
DA:154,1
DA:155,0
DA:156,0
DA:159,1
DA:163,1
DA:164,0
DA:168,1
DA:173,0
DA:174,0
DA:181,0
DA:188,7
DA:189,1
DA:190,1
DA:192,1
DA:196,1
DA:197,1
DA:201,0
DA:207,0
DA:212,0
DA:216,7
DA:217,0
DA:221,0
DA:223,0
DA:225,0
DA:230,0
DA:231,0
DA:232,0
DA:234,0
DA:237,0
DA:239,0
DA:241,0
DA:245,0
DA:246,0
DA:247,0
DA:248,0
DA:251,0
DA:252,0
DA:254,0
LF:100
LH:47
BRDA:18,0,0,0
BRDA:18,0,1,2
BRDA:26,1,0,0
BRDA:26,1,1,2
BRDA:39,2,0,1
BRDA:39,2,1,1
BRDA:40,3,0,0
BRDA:40,3,1,1
BRDA:66,4,0,0
BRDA:66,4,1,0
BRDA:77,5,0,0
BRDA:77,5,1,0
BRDA:131,6,0,0
BRDA:131,6,1,1
BRDA:132,7,0,0
BRDA:132,7,1,0
BRDA:137,8,0,0
BRDA:137,8,1,0
BRDA:144,9,0,0
BRDA:144,9,1,1
BRDA:146,10,0,0
BRDA:146,10,1,0
BRDA:154,11,0,0
BRDA:154,11,1,1
BRDA:163,12,0,0
BRDA:163,12,1,1
BRDA:173,13,0,0
BRDA:173,13,1,0
BRDA:196,14,0,1
BRDA:196,14,1,0
BRDA:231,15,0,0
BRDA:231,15,1,0
BRDA:247,16,0,0
BRDA:247,16,1,0
BRDA:247,17,0,0
BRDA:247,17,1,0
BRF:36
BRH:10
end_of_record
TN:
SF:src\middleware\authentication.js
FN:1,(anonymous_0)
FN:15,(anonymous_1)
FN:29,(anonymous_2)
FN:43,(anonymous_3)
FN:57,(anonymous_4)
FN:71,(anonymous_5)
FN:85,(anonymous_6)
FN:100,(anonymous_7)
FN:110,(anonymous_8)
FNF:9
FNH:0
FNDA:0,(anonymous_0)
FNDA:0,(anonymous_1)
FNDA:0,(anonymous_2)
FNDA:0,(anonymous_3)
FNDA:0,(anonymous_4)
FNDA:0,(anonymous_5)
FNDA:0,(anonymous_6)
FNDA:0,(anonymous_7)
FNDA:0,(anonymous_8)
DA:1,7
DA:2,0
DA:4,0
DA:5,0
DA:7,0
DA:15,7
DA:16,0
DA:18,0
DA:19,0
DA:21,0
DA:29,7
DA:30,0
DA:32,0
DA:33,0
DA:35,0
DA:43,7
DA:44,0
DA:46,0
DA:47,0
DA:49,0
DA:57,7
DA:58,0
DA:60,0
DA:61,0
DA:63,0
DA:71,7
DA:72,0
DA:74,0
DA:75,0
DA:77,0
DA:85,7
DA:86,0
DA:88,0
DA:89,0
DA:91,0
DA:100,7
DA:101,0
DA:102,0
DA:104,0
DA:105,0
DA:107,0
DA:110,7
DA:111,0
DA:114,0
DA:115,0
DA:119,0
DA:120,0
DA:121,0
DA:124,0
DA:125,0
DA:127,0
DA:134,0
LF:52
LH:9
BRDA:4,0,0,0
BRDA:4,0,1,0
BRDA:18,1,0,0
BRDA:18,1,1,0
BRDA:32,2,0,0
BRDA:32,2,1,0
BRDA:46,3,0,0
BRDA:46,3,1,0
BRDA:46,4,0,0
BRDA:46,4,1,0
BRDA:60,5,0,0
BRDA:60,5,1,0
BRDA:60,6,0,0
BRDA:60,6,1,0
BRDA:74,7,0,0
BRDA:74,7,1,0
BRDA:74,8,0,0
BRDA:74,8,1,0
BRDA:88,9,0,0
BRDA:88,9,1,0
BRDA:88,10,0,0
BRDA:88,10,1,0
BRDA:88,10,2,0
BRDA:104,11,0,0
BRDA:104,11,1,0
BRDA:114,12,0,0
BRDA:114,12,1,0
BRDA:124,13,0,0
BRDA:124,13,1,0
BRF:29
BRH:0
end_of_record
TN:
SF:src\middleware\errorHandler.js
FN:1,(anonymous_0)
FNF:1
FNH:1
FNDA:2,(anonymous_0)
DA:1,7
DA:2,2
DA:4,2
LF:3
LH:3
BRDA:2,0,0,2
BRDA:2,0,1,2
BRF:2
BRH:2
end_of_record
TN:
SF:src\middleware\passportJWT.js
FN:12,(anonymous_0)
FNF:1
FNH:0
FNDA:0,(anonymous_0)
DA:1,7
DA:2,7
DA:3,7
DA:5,7
DA:6,7
DA:7,7
DA:8,7
DA:9,7
DA:11,7
DA:13,0
DA:14,0
DA:16,0
DA:17,0
DA:20,0
DA:24,0
DA:25,0
DA:28,0
DA:30,0
DA:31,0
DA:36,7
LF:20
LH:10
BRDA:16,0,0,0
BRDA:16,0,1,0
BRDA:16,1,0,0
BRDA:16,1,1,0
BRDA:24,2,0,0
BRDA:24,2,1,0
BRF:6
BRH:0
end_of_record
TN:
SF:src\models\chat.js
FN:4,(anonymous_0)
FN:45,(anonymous_1)
FN:54,(anonymous_2)
FN:55,(anonymous_3)
FNF:4
FNH:2
FNDA:7,(anonymous_0)
FNDA:0,(anonymous_1)
FNDA:7,(anonymous_2)
FNDA:0,(anonymous_3)
DA:1,7
DA:2,7
DA:4,7
DA:5,7
DA:45,7
DA:46,0
DA:52,7
DA:54,7
DA:55,0
DA:57,7
LF:10
LH:8
BRF:0
BRH:0
end_of_record
TN:
SF:src\models\index.js
FNF:0
FNH:0
DA:1,7
DA:3,7
DA:4,7
DA:15,7
DA:16,7
DA:17,7
DA:19,7
DA:20,7
DA:21,7
DA:22,7
DA:23,7
DA:24,7
DA:25,7
DA:28,7
DA:29,7
DA:32,7
DA:33,7
DA:36,7
DA:37,7
DA:39,7
LF:20
LH:20
BRF:0
BRH:0
end_of_record
TN:
SF:src\models\notification.js
FN:3,(anonymous_0)
FN:45,(anonymous_1)
FN:48,(anonymous_2)
FNF:3
FNH:2
FNDA:7,(anonymous_0)
FNDA:7,(anonymous_1)
FNDA:0,(anonymous_2)
DA:1,7
DA:3,7
DA:4,7
DA:43,7
DA:46,7
DA:48,0
DA:50,7
LF:7
LH:6
BRF:0
BRH:0
end_of_record
TN:
SF:src\models\participate.js
FN:3,(anonymous_0)
FN:45,(anonymous_1)
FN:48,(anonymous_2)
FNF:3
FNH:2
FNDA:7,(anonymous_0)
FNDA:7,(anonymous_1)
FNDA:0,(anonymous_2)
DA:1,7
DA:3,7
DA:4,7
DA:43,7
DA:46,7
DA:48,0
DA:50,7
LF:7
LH:6
BRF:0
BRH:0
end_of_record
TN:
SF:src\models\post_activity.js
FN:3,(anonymous_0)
FN:57,(anonymous_1)
FN:60,(anonymous_2)
FNF:3
FNH:2
FNDA:7,(anonymous_0)
FNDA:7,(anonymous_1)
FNDA:0,(anonymous_2)
DA:1,7
DA:3,7
DA:4,7
DA:55,7
DA:58,7
DA:60,0
DA:62,7
LF:7
LH:6
BRF:0
BRH:0
end_of_record
TN:
SF:src\models\post_games.js
FN:3,(anonymous_0)
FN:62,(anonymous_1)
FN:65,(anonymous_2)
FNF:3
FNH:2
FNDA:7,(anonymous_0)
FNDA:7,(anonymous_1)
FNDA:0,(anonymous_2)
DA:1,7
DA:3,7
DA:4,7
DA:60,7
DA:63,7
DA:65,0
DA:67,7
LF:7
LH:6
BRF:0
BRH:0
end_of_record
TN:
SF:src\models\store.js
FN:3,(anonymous_0)
FN:65,(anonymous_1)
FN:66,(anonymous_2)
FNF:3
FNH:2
FNDA:7,(anonymous_0)
FNDA:7,(anonymous_1)
FNDA:0,(anonymous_2)
DA:1,7
DA:3,7
DA:4,7
DA:63,7
DA:65,7
DA:66,0
DA:68,7
LF:7
LH:6
BRF:0
BRH:0
end_of_record
TN:
SF:src\models\user.js
FN:4,(anonymous_0)
FN:69,(anonymous_1)
FN:70,(anonymous_2)
FNF:3
FNH:2
FNDA:7,(anonymous_0)
FNDA:7,(anonymous_1)
FNDA:0,(anonymous_2)
DA:1,7
DA:2,7
DA:4,7
DA:5,7
DA:67,7
DA:69,7
DA:70,0
DA:72,7
LF:8
LH:7
BRF:0
BRH:0
end_of_record
TN:
SF:src\routers\auth.js
FN:61,(anonymous_0)
FNF:1
FNH:0
FNDA:0,(anonymous_0)
DA:1,7
DA:2,7
DA:3,7
DA:4,7
DA:5,7
DA:6,7
DA:7,7
DA:8,7
DA:61,7
DA:62,0
DA:64,0
DA:65,0
DA:77,0
DA:78,0
DA:81,0
DA:82,0
DA:83,0
DA:86,0
DA:95,0
DA:99,0
DA:101,0
DA:103,0
DA:109,0
DA:110,0
DA:114,7
LF:25
LH:10
BRDA:77,0,0,0
BRDA:77,0,1,0
BRDA:82,1,0,0
BRDA:82,1,1,0
BRF:4
BRH:0
end_of_record
TN:
SF:src\routers\chat.js
FNF:0
FNH:0
DA:1,7
DA:2,7
DA:3,7
DA:4,7
DA:5,7
DA:50,7
DA:84,7
DA:125,7
DA:166,7
DA:191,7
DA:207,7
DA:248,7
DA:290,7
DA:292,7
LF:14
LH:14
BRF:0
BRH:0
end_of_record
TN:
SF:src\routers\notification.js
FNF:0
FNH:0
DA:1,7
DA:2,7
DA:3,7
DA:4,7
DA:5,7
DA:47,7
DA:79,7
DA:95,7
DA:97,7
LF:9
LH:9
BRF:0
BRH:0
end_of_record
TN:
SF:src\routers\participate.js
FNF:0
FNH:0
DA:1,7
DA:2,7
DA:3,7
DA:4,7
DA:5,7
DA:50,7
DA:68,7
DA:116,7
DA:164,7
DA:212,7
DA:260,7
DA:286,7
DA:302,7
DA:304,7
LF:14
LH:14
BRF:0
BRH:0
end_of_record
TN:
SF:src\routers\postActivity.js
FNF:0
FNH:0
DA:1,7
DA:2,7
DA:3,7
DA:4,7
DA:5,7
DA:64,7
DA:131,7
DA:198,7
DA:256,7
DA:315,7
DA:341,7
DA:365,7
DA:423,7
DA:425,7
LF:14
LH:14
BRF:0
BRH:0
end_of_record
TN:
SF:src\routers\postGame.js
FNF:0
FNH:0
DA:1,7
DA:2,7
DA:3,7
DA:4,7
DA:5,7
DA:67,7
DA:142,7
DA:217,7
DA:277,7
DA:337,7
DA:395,7
DA:421,7
DA:437,7
DA:439,7
LF:14
LH:14
BRF:0
BRH:0
end_of_record
TN:
SF:src\routers\store.js
FNF:0
FNH:0
DA:1,7
DA:2,7
DA:3,7
DA:4,7
DA:5,7
DA:67,7
DA:112,7
DA:169,7
DA:226,7
DA:292,7
DA:318,7
DA:334,7
DA:336,7
LF:13
LH:13
BRF:0
BRH:0
end_of_record
TN:
SF:src\routers\users.js
FNF:0
FNH:0
DA:1,7
DA:2,7
DA:3,7
DA:4,7
DA:5,7
DA:63,7
DA:103,7
DA:155,7
DA:227,7
DA:253,7
DA:269,7
DA:271,7
LF:12
LH:12
BRF:0
BRH:0
end_of_record
TN:
SF:src\utils\generateRandomId.js
FN:3,(anonymous_0)
FNF:1
FNH:1
FNDA:2,(anonymous_0)
DA:1,7
DA:3,7
DA:4,2
DA:7,7
LF:4
LH:4
BRF:0
BRH:0
end_of_record
